This is pdfTeX, Version 3.14159265-2.6-1.40.19 (MiKTeX 2.9.6930 64-bit) (preloaded format=pdflatex 2019.1.17)  3 JUN 2019 22:03
entering extended mode
**./Template2TFM.tex
(Template2TFM.tex
LaTeX2e <2018-12-01>
("C:\Users\abelt\AppData\Local\Programs\MiKTeX 2.9\tex/latex/base\report.cls"
Document Class: report 2018/09/03 v1.4i Standard LaTeX document class
("C:\Users\abelt\AppData\Local\Programs\MiKTeX 2.9\tex/latex/base\size12.clo"
File: size12.clo 2018/09/03 v1.4i Standard LaTeX file (size option)
)
\c@part=\count80
\c@chapter=\count81
\c@section=\count82
\c@subsection=\count83
\c@subsubsection=\count84
\c@paragraph=\count85
\c@subparagraph=\count86
\c@figure=\count87
\c@table=\count88
\abovecaptionskip=\skip41
\belowcaptionskip=\skip42
\bibindent=\dimen102
) ("C:\Users\abelt\AppData\Local\Programs\MiKTeX 2.9\tex/latex/base\fontenc.sty
"
Package: fontenc 2018/08/11 v2.0j Standard LaTeX package
("C:\Users\abelt\AppData\Local\Programs\MiKTeX 2.9\tex/latex/base\t1enc.def"
File: t1enc.def 2018/08/11 v2.0j Standard LaTeX file
LaTeX Font Info:    Redeclaring font encoding T1 on input line 48.
))
("C:\Users\abelt\AppData\Local\Programs\MiKTeX 2.9\tex/latex/psnfss\times.sty"
Package: times 2005/04/12 PSNFSS-v9.2a (SPQR) 
) ("C:\Users\abelt\AppData\Local\Programs\MiKTeX 2.9\tex/latex/base\inputenc.st
y"
Package: inputenc 2018/08/11 v1.3c Input encoding file
\inpenc@prehook=\toks14
\inpenc@posthook=\toks15
)
("C:\Users\abelt\AppData\Local\Programs\MiKTeX 2.9\tex/latex/amsmath\amsmath.st
y"
Package: amsmath 2018/12/01 v2.17b AMS math features
\@mathmargin=\skip43

For additional information on amsmath, use the `?' option.

("C:\Users\abelt\AppData\Local\Programs\MiKTeX 2.9\tex/latex/amsmath\amstext.st
y"
Package: amstext 2000/06/29 v2.01 AMS text

("C:\Users\abelt\AppData\Local\Programs\MiKTeX 2.9\tex/latex/amsmath\amsgen.sty
"
File: amsgen.sty 1999/11/30 v2.0 generic functions
\@emptytoks=\toks16
\ex@=\dimen103
))
("C:\Users\abelt\AppData\Local\Programs\MiKTeX 2.9\tex/latex/amsmath\amsbsy.sty
"
Package: amsbsy 1999/11/29 v1.2d Bold Symbols
\pmbraise@=\dimen104
)
("C:\Users\abelt\AppData\Local\Programs\MiKTeX 2.9\tex/latex/amsmath\amsopn.sty
"
Package: amsopn 2016/03/08 v2.02 operator names
)
\inf@bad=\count89
LaTeX Info: Redefining \frac on input line 223.
\uproot@=\count90
\leftroot@=\count91
LaTeX Info: Redefining \overline on input line 385.
\classnum@=\count92
\DOTSCASE@=\count93
LaTeX Info: Redefining \ldots on input line 482.
LaTeX Info: Redefining \dots on input line 485.
LaTeX Info: Redefining \cdots on input line 606.
\Mathstrutbox@=\box27
\strutbox@=\box28
\big@size=\dimen105
LaTeX Font Info:    Redeclaring font encoding OML on input line 729.
LaTeX Font Info:    Redeclaring font encoding OMS on input line 730.
\macc@depth=\count94
\c@MaxMatrixCols=\count95
\dotsspace@=\muskip10
\c@parentequation=\count96
\dspbrk@lvl=\count97
\tag@help=\toks17
\row@=\count98
\column@=\count99
\maxfields@=\count100
\andhelp@=\toks18
\eqnshift@=\dimen106
\alignsep@=\dimen107
\tagshift@=\dimen108
\tagwidth@=\dimen109
\totwidth@=\dimen110
\lineht@=\dimen111
\@envbody=\toks19
\multlinegap=\skip44
\multlinetaggap=\skip45
\mathdisplay@stack=\toks20
LaTeX Info: Redefining \[ on input line 2844.
LaTeX Info: Redefining \] on input line 2845.
)
("C:\Users\abelt\AppData\Local\Programs\MiKTeX 2.9\tex/latex/graphics\graphicx.
sty"
Package: graphicx 2017/06/01 v1.1a Enhanced LaTeX Graphics (DPC,SPQR)

("C:\Users\abelt\AppData\Local\Programs\MiKTeX 2.9\tex/latex/graphics\keyval.st
y"
Package: keyval 2014/10/28 v1.15 key=value parser (DPC)
\KV@toks@=\toks21
)
("C:\Users\abelt\AppData\Local\Programs\MiKTeX 2.9\tex/latex/graphics\graphics.
sty"
Package: graphics 2017/06/25 v1.2c Standard LaTeX Graphics (DPC,SPQR)

("C:\Users\abelt\AppData\Local\Programs\MiKTeX 2.9\tex/latex/graphics\trig.sty"
Package: trig 2016/01/03 v1.10 sin cos tan (DPC)
)
("C:\Users\abelt\AppData\Local\Programs\MiKTeX 2.9\tex/latex/graphics-cfg\graph
ics.cfg"
File: graphics.cfg 2016/06/04 v1.11 sample graphics configuration
)
Package graphics Info: Driver file: pdftex.def on input line 99.

("C:\Users\abelt\AppData\Local\Programs\MiKTeX 2.9\tex/latex/graphics-def\pdfte
x.def"
File: pdftex.def 2018/01/08 v1.0l Graphics/color driver for pdftex
))
\Gin@req@height=\dimen112
\Gin@req@width=\dimen113
)
("C:\Users\abelt\AppData\Local\Programs\MiKTeX 2.9\tex/latex/tools\multicol.sty
"
Package: multicol 2018/12/27 v1.8v multicolumn formatting (FMi)
\c@tracingmulticols=\count101
\mult@box=\box29
\multicol@leftmargin=\dimen114
\c@unbalance=\count102
\c@collectmore=\count103
\doublecol@number=\count104
\multicoltolerance=\count105
\multicolpretolerance=\count106
\full@width=\dimen115
\page@free=\dimen116
\premulticols=\dimen117
\postmulticols=\dimen118
\multicolsep=\skip46
\multicolbaselineskip=\skip47
\partial@page=\box30
\last@line=\box31
\maxbalancingoverflow=\dimen119
\mult@rightbox=\box32
\mult@grightbox=\box33
\mult@gfirstbox=\box34
\mult@firstbox=\box35
\@tempa=\box36
\@tempa=\box37
\@tempa=\box38
\@tempa=\box39
\@tempa=\box40
\@tempa=\box41
\@tempa=\box42
\@tempa=\box43
\@tempa=\box44
\@tempa=\box45
\@tempa=\box46
\@tempa=\box47
\@tempa=\box48
\@tempa=\box49
\@tempa=\box50
\@tempa=\box51
\@tempa=\box52
\c@columnbadness=\count107
\c@finalcolumnbadness=\count108
\last@try=\dimen120
\multicolovershoot=\dimen121
\multicolundershoot=\dimen122
\mult@nat@firstbox=\box53
\colbreak@box=\box54
\mc@col@check@num=\count109
)
("C:\Users\abelt\AppData\Local\Programs\MiKTeX 2.9\tex/latex/tools\longtable.st
y"
Package: longtable 2014/10/28 v4.11 Multi-page Table package (DPC)+ FMi change
\LTleft=\skip48
\LTright=\skip49
\LTpre=\skip50
\LTpost=\skip51
\LTchunksize=\count110
\LTcapwidth=\dimen123
\LT@head=\box55
\LT@firsthead=\box56
\LT@foot=\box57
\LT@lastfoot=\box58
\LT@cols=\count111
\LT@rows=\count112
\c@LT@tables=\count113
\c@LT@chunks=\count114
\LT@p@ftn=\toks22
) ("C:\Users\abelt\AppData\Local\Programs\MiKTeX 2.9\tex/latex/gloss\gloss.sty"
Package: gloss 2002/07/26 1.5.2 Gloss package
\glosshang=\skip52
) ("C:\Users\abelt\AppData\Local\Programs\MiKTeX 2.9\tex/latex/float\float.sty"
Package: float 2001/11/08 v1.3d Float enhancements (AL)
\c@float@type=\count115
\float@exts=\toks23
\float@box=\box59
\@float@everytoks=\toks24
\@floatcapt=\box60
)
("C:\Users\abelt\AppData\Local\Programs\MiKTeX 2.9\tex/latex/anysize\anysize.st
y"
Package: anysize 1994/08/13 setting margin sizes

document style option `anysize' loaded
Michael Salzenberg, Thomas Esser, Dirk Hillbrecht
Version 1.0, Aug 13, 1994
\@Leftmargin=\dimen124
\@Rightmargin=\dimen125
\@Topmargin=\dimen126
\@Bottommargin=\dimen127
)
("C:\Users\abelt\AppData\Local\Programs\MiKTeX 2.9\tex/latex/appendix\appendix.
sty"
Package: appendix 2009/09/02 v1.2b extra appendix facilities
\c@@pps=\count116
\c@@ppsavesec=\count117
\c@@ppsaveapp=\count118
)
("C:\Users\abelt\AppData\Local\Programs\MiKTeX 2.9\tex/latex/graphics\lscape.st
y"
Package: lscape 2000/10/22 v3.01 Landscape Pages (DPC)
)
("C:\Users\abelt\AppData\Local\Programs\MiKTeX 2.9\tex/latex/oberdiek\pdflscape
.sty"
Package: pdflscape 2016/05/14 v0.11 Display of landscape pages in PDF (HO)

("C:\Users\abelt\AppData\Local\Programs\MiKTeX 2.9\tex/generic/oberdiek\ifpdf.s
ty"
Package: ifpdf 2018/09/07 v3.3 Provides the ifpdf switch
)
Package pdflscape Info: Auto-detected driver: pdftex on input line 81.

("C:\Users\abelt\AppData\Local\Programs\MiKTeX 2.9\tex/generic/ifxetex\ifxetex.
sty"
Package: ifxetex 2010/09/12 v0.6 Provides ifxetex conditional
))
("C:\Users\abelt\AppData\Local\Programs\MiKTeX 2.9\tex/latex/multirow\multirow.
sty"
Package: multirow 2019/01/01 v2.4 Span multiple rows of a table
\multirow@colwidth=\skip53
\multirow@cntb=\count119
\multirow@dima=\skip54
\bigstrutjot=\dimen128
)
("C:\Users\abelt\AppData\Local\Programs\MiKTeX 2.9\tex/latex/listings\listings.
sty"
\lst@mode=\count120
\lst@gtempboxa=\box61
\lst@token=\toks25
\lst@length=\count121
\lst@currlwidth=\dimen129
\lst@column=\count122
\lst@pos=\count123
\lst@lostspace=\dimen130
\lst@width=\dimen131
\lst@newlines=\count124
\lst@lineno=\count125
\lst@maxwidth=\dimen132

("C:\Users\abelt\AppData\Local\Programs\MiKTeX 2.9\tex/latex/listings\lstmisc.s
ty"
File: lstmisc.sty 2019/02/27 1.8b (Carsten Heinz)
\c@lstnumber=\count126
\lst@skipnumbers=\count127
\lst@framebox=\box62
)
("C:\Users\abelt\AppData\Local\Programs\MiKTeX 2.9\tex/latex/listings\listings.
cfg"
File: listings.cfg 2019/02/27 1.8b listings configuration
))
Package: listings 2019/02/27 1.8b (Carsten Heinz)

("C:\Users\abelt\AppData\Local\Programs\MiKTeX 2.9\tex/latex/graphics\color.sty
"
Package: color 2016/07/10 v1.1e Standard LaTeX Color (DPC)

("C:\Users\abelt\AppData\Local\Programs\MiKTeX 2.9\tex/latex/graphics-cfg\color
.cfg"
File: color.cfg 2016/01/02 v1.6 sample color configuration
)
Package color Info: Driver file: pdftex.def on input line 147.
)
("C:\Users\abelt\AppData\Local\Programs\MiKTeX 2.9\tex/latex/setspace\setspace.
sty"
Package: setspace 2011/12/19 v6.7a set line spacing
)
("C:\Users\abelt\AppData\Local\Programs\MiKTeX 2.9\tex/latex/tools\enumerate.st
y"
Package: enumerate 2015/07/23 v3.00 enumerate extensions (DPC)
\@enLab=\toks26
)
("C:\Users\abelt\AppData\Local\Programs\MiKTeX 2.9\tex/latex/placeins\placeins.
sty"
Package: placeins 2005/04/18  v 2.2
)
("C:\Users\abelt\AppData\Local\Programs\MiKTeX 2.9\tex/latex/enumitem\enumitem.
sty"
Package: enumitem 2019/01/14 v3.7 Customized lists
\labelindent=\skip55
\enit@outerparindent=\dimen133
\enit@toks=\toks27
\enit@inbox=\box63
\enit@count@id=\count128
\enitdp@description=\count129
)
("C:\Users\abelt\AppData\Local\Programs\MiKTeX 2.9\tex/latex/caption\caption.st
y"
Package: caption 2018/10/06 v3.3-154 Customizing captions (AR)

("C:\Users\abelt\AppData\Local\Programs\MiKTeX 2.9\tex/latex/caption\caption3.s
ty"
Package: caption3 2018/09/12 v1.8c caption3 kernel (AR)
Package caption3 Info: TeX engine: e-TeX on input line 64.
\captionmargin=\dimen134
\captionmargin@=\dimen135
\captionwidth=\dimen136
\caption@tempdima=\dimen137
\caption@indent=\dimen138
\caption@parindent=\dimen139
\caption@hangindent=\dimen140
)
\c@caption@flags=\count130
\c@ContinuedFloat=\count131
Package caption Info: float package is loaded.
Package caption Info: listings package is loaded.
Package caption Info: longtable package is loaded.

("C:\Users\abelt\AppData\Local\Programs\MiKTeX 2.9\tex/latex/caption\ltcaption.
sty"
Package: ltcaption 2018/08/26 v1.4-95 longtable captions (AR)
))
("C:\Users\abelt\AppData\Local\Programs\MiKTeX 2.9\tex/latex/hyperref\hyperref.
sty"
Package: hyperref 2018/11/30 v6.88e Hypertext links for LaTeX

("C:\Users\abelt\AppData\Local\Programs\MiKTeX 2.9\tex/generic/oberdiek\hobsub-
hyperref.sty"
Package: hobsub-hyperref 2016/05/16 v1.14 Bundle oberdiek, subset hyperref (HO)


("C:\Users\abelt\AppData\Local\Programs\MiKTeX 2.9\tex/generic/oberdiek\hobsub-
generic.sty"
Package: hobsub-generic 2016/05/16 v1.14 Bundle oberdiek, subset generic (HO)
Package: hobsub 2016/05/16 v1.14 Construct package bundles (HO)
Package: infwarerr 2016/05/16 v1.4 Providing info/warning/error messages (HO)
Package: ltxcmds 2016/05/16 v1.23 LaTeX kernel commands for general use (HO)
Package: ifluatex 2016/05/16 v1.4 Provides the ifluatex switch (HO)
Package ifluatex Info: LuaTeX not detected.
Package: ifvtex 2016/05/16 v1.6 Detect VTeX and its facilities (HO)
Package ifvtex Info: VTeX not detected.
Package: intcalc 2016/05/16 v1.2 Expandable calculations with integers (HO)
Package hobsub Info: Skipping package `ifpdf' (already loaded).
Package: etexcmds 2016/05/16 v1.6 Avoid name clashes with e-TeX commands (HO)
Package: kvsetkeys 2016/05/16 v1.17 Key value parser (HO)
Package: kvdefinekeys 2016/05/16 v1.4 Define keys (HO)
Package: pdftexcmds 2018/09/10 v0.29 Utility functions of pdfTeX for LuaTeX (HO
)
Package pdftexcmds Info: LuaTeX not detected.
Package pdftexcmds Info: \pdf@primitive is available.
Package pdftexcmds Info: \pdf@ifprimitive is available.
Package pdftexcmds Info: \pdfdraftmode found.
Package: pdfescape 2016/05/16 v1.14 Implements pdfTeX's escape features (HO)
Package: bigintcalc 2016/05/16 v1.4 Expandable calculations on big integers (HO
)
Package: bitset 2016/05/16 v1.2 Handle bit-vector datatype (HO)
Package: uniquecounter 2016/05/16 v1.3 Provide unlimited unique counter (HO)
)
Package hobsub Info: Skipping package `hobsub' (already loaded).
Package: letltxmacro 2016/05/16 v1.5 Let assignment for LaTeX macros (HO)
Package: hopatch 2016/05/16 v1.3 Wrapper for package hooks (HO)
Package: xcolor-patch 2016/05/16 xcolor patch
Package: atveryend 2016/05/16 v1.9 Hooks at the very end of document (HO)
Package atveryend Info: \enddocument detected (standard20110627).
Package: atbegshi 2016/06/09 v1.18 At begin shipout hook (HO)
Package: refcount 2016/05/16 v3.5 Data extraction from label references (HO)
Package: hycolor 2016/05/16 v1.8 Color options for hyperref/bookmark (HO)
)
("C:\Users\abelt\AppData\Local\Programs\MiKTeX 2.9\tex/latex/oberdiek\auxhook.s
ty"
Package: auxhook 2016/05/16 v1.4 Hooks for auxiliary files (HO)
)
("C:\Users\abelt\AppData\Local\Programs\MiKTeX 2.9\tex/latex/oberdiek\kvoptions
.sty"
Package: kvoptions 2016/05/16 v3.12 Key value format for package options (HO)
)
\@linkdim=\dimen141
\Hy@linkcounter=\count132
\Hy@pagecounter=\count133

("C:\Users\abelt\AppData\Local\Programs\MiKTeX 2.9\tex/latex/hyperref\pd1enc.de
f"
File: pd1enc.def 2018/11/30 v6.88e Hyperref: PDFDocEncoding definition (HO)
Now handling font encoding PD1 ...
... no UTF-8 mapping file for font encoding PD1
)
\Hy@SavedSpaceFactor=\count134

("C:\Users\abelt\AppData\Local\Programs\MiKTeX 2.9\tex/latex/00miktex\hyperref.
cfg"
File: hyperref.cfg 2002/06/06 v1.2 hyperref configuration of TeXLive
)
Package hyperref Info: Hyper figures OFF on input line 4519.
Package hyperref Info: Link nesting OFF on input line 4524.
Package hyperref Info: Hyper index ON on input line 4527.
Package hyperref Info: Plain pages OFF on input line 4534.
Package hyperref Info: Backreferencing OFF on input line 4539.
Package hyperref Info: Implicit mode ON; LaTeX internals redefined.
Package hyperref Info: Bookmarks ON on input line 4772.
\c@Hy@tempcnt=\count135
 ("C:\Users\abelt\AppData\Local\Programs\MiKTeX 2.9\tex/latex/url\url.sty"
\Urlmuskip=\muskip11
Package: url 2013/09/16  ver 3.4  Verb mode for urls, etc.
)
LaTeX Info: Redefining \url on input line 5125.
\XeTeXLinkMargin=\dimen142
\Fld@menulength=\count136
\Field@Width=\dimen143
\Fld@charsize=\dimen144
Package hyperref Info: Hyper figures OFF on input line 6380.
Package hyperref Info: Link nesting OFF on input line 6385.
Package hyperref Info: Hyper index ON on input line 6388.
Package hyperref Info: backreferencing OFF on input line 6395.
Package hyperref Info: Link coloring OFF on input line 6400.
Package hyperref Info: Link coloring with OCG OFF on input line 6405.
Package hyperref Info: PDF/A mode OFF on input line 6410.
LaTeX Info: Redefining \ref on input line 6450.
LaTeX Info: Redefining \pageref on input line 6454.
\Hy@abspage=\count137
\c@Item=\count138
\c@Hfootnote=\count139
)
Package hyperref Info: Driver (autodetected): hpdftex.

("C:\Users\abelt\AppData\Local\Programs\MiKTeX 2.9\tex/latex/hyperref\hpdftex.d
ef"
File: hpdftex.def 2018/11/30 v6.88e Hyperref driver for pdfTeX
\Fld@listcount=\count140
\c@bookmark@seq@number=\count141

("C:\Users\abelt\AppData\Local\Programs\MiKTeX 2.9\tex/latex/oberdiek\rerunfile
check.sty"
Package: rerunfilecheck 2016/05/16 v1.8 Rerun checks for auxiliary files (HO)
Package uniquecounter Info: New unique counter `rerunfilecheck' on input line 2
82.
)
\Hy@SectionHShift=\skip56
)
Package hyperref Info: Option `colorlinks' set `true' on input line 38.

("C:\Users\abelt\AppData\Local\Programs\MiKTeX 2.9\tex/latex/geometry\geometry.
sty"
Package: geometry 2018/04/16 v5.8 Page Geometry
\Gm@cnth=\count142
\Gm@cntv=\count143
\c@Gm@tempcnt=\count144
\Gm@bindingoffset=\dimen145
\Gm@wd@mp=\dimen146
\Gm@odd@mp=\dimen147
\Gm@even@mp=\dimen148
\Gm@layoutwidth=\dimen149
\Gm@layoutheight=\dimen150
\Gm@layouthoffset=\dimen151
\Gm@layoutvoffset=\dimen152
\Gm@dimlist=\toks28

("C:\Users\abelt\AppData\Local\Programs\MiKTeX 2.9\tex/latex/geometry\geometry.
cfg")

Package geometry Warning: Over-specification in `h'-direction.
    `width' (426.79134pt) is ignored.


Package geometry Warning: Over-specification in `v'-direction.
    `height' (640.187pt) is ignored.

) ("C:\Users\abelt\AppData\Local\Programs\MiKTeX 2.9\tex/generic/babel\babel.st
y"
Package: babel 2018/11/13 3.27 The Babel package

("C:\Users\abelt\AppData\Local\Programs\MiKTeX 2.9\tex/generic/babel\switch.def
"
File: switch.def 2018/11/13 3.27 Babel switching mechanism
)
*************************************
* Local config file bblopts.cfg used
*
("C:\Users\abelt\AppData\Local\Programs\MiKTeX 2.9\tex/latex/arabi\bblopts.cfg"
File: bblopts.cfg 2005/09/08 v0.1 add Arabic and Farsi to "declared" options of
 babel
)
("C:\Users\abelt\AppData\Local\Programs\MiKTeX 2.9\tex/latex/babel-spanish\span
ish.ldf"
Language: spanish.ldf 2016/03/03 v5.0p Spanish support from the babel system

("C:\Users\abelt\AppData\Local\Programs\MiKTeX 2.9\tex/generic/babel\babel.def"
File: babel.def 2018/11/13 3.27 Babel common definitions
\babel@savecnt=\count145
\U@D=\dimen153

("C:\Users\abelt\AppData\Local\Programs\MiKTeX 2.9\tex/generic/babel\txtbabel.d
ef")
\bbl@dirlevel=\count146
)
\es@quottoks=\toks29
\es@quotdepth=\count147
Package babel Info: Making " an active character on input line 561.
Package babel Info: Making . an active character on input line 662.
Package babel Info: Making < an active character on input line 707.
Package babel Info: Making > an active character on input line 707.
))
("C:\Users\abelt\AppData\Local\Programs\MiKTeX 2.9\tex/generic/bibtex\apalike.s
ty"
\bibhang=\skip57
)
("C:\Users\abelt\AppData\Local\Programs\MiKTeX 2.9\tex/latex/apacite\apacite.st
y"
Package: apacite 2013/07/21 v6.03 APA citation
\c@BibCnt=\count148
\bibleftmargin=\skip58
\bibindent=\skip59
\bibparsep=\skip60
\bibitemsep=\skip61
\biblabelsep=\skip62
)
("C:\Users\abelt\AppData\Local\Programs\MiKTeX 2.9\tex/latex/tocbibind\tocbibin
d.sty"
Package: tocbibind 2010/10/13 v1.5k extra ToC listings
Package tocbibind Info: The document has chapter divisions on input line 50.


Package tocbibind Note: Using chapter style headings, unless overridden.

)
("C:\Users\abelt\AppData\Local\Programs\MiKTeX 2.9\tex/latex/fancyhdr\fancyhdr.
sty"
Package: fancyhdr 2019/01/31 v3.10 Extensive control of page headers and footer
s
\f@nch@headwidth=\skip63
\f@nch@O@elh=\skip64
\f@nch@O@erh=\skip65
\f@nch@O@olh=\skip66
\f@nch@O@orh=\skip67
\f@nch@O@elf=\skip68
\f@nch@O@erf=\skip69
\f@nch@O@olf=\skip70
\f@nch@O@orf=\skip71
)
("C:\Users\abelt\AppData\Local\Programs\MiKTeX 2.9\tex/latex/tocloft\tocloft.st
y"
Package: tocloft 2017/08/31 v2.3i parameterised ToC, etc., typesetting
Package tocloft Info: The document has chapter divisions on input line 51.
\cftparskip=\skip72
\cftbeforetoctitleskip=\skip73
\cftaftertoctitleskip=\skip74
\cftbeforepartskip=\skip75
\cftpartnumwidth=\skip76
\cftpartindent=\skip77
\cftbeforechapskip=\skip78
\cftchapindent=\skip79
\cftchapnumwidth=\skip80
\cftbeforesecskip=\skip81
\cftsecindent=\skip82
\cftsecnumwidth=\skip83
\cftbeforesubsecskip=\skip84
\cftsubsecindent=\skip85
\cftsubsecnumwidth=\skip86
\cftbeforesubsubsecskip=\skip87
\cftsubsubsecindent=\skip88
\cftsubsubsecnumwidth=\skip89
\cftbeforeparaskip=\skip90
\cftparaindent=\skip91
\cftparanumwidth=\skip92
\cftbeforesubparaskip=\skip93
\cftsubparaindent=\skip94
\cftsubparanumwidth=\skip95
\cftbeforeloftitleskip=\skip96
\cftafterloftitleskip=\skip97
\cftbeforefigskip=\skip98
\cftfigindent=\skip99
\cftfignumwidth=\skip100
\c@lofdepth=\count149
\c@lotdepth=\count150
\cftbeforelottitleskip=\skip101
\cftafterlottitleskip=\skip102
\cftbeforetabskip=\skip103
\cfttabindent=\skip104
\cfttabnumwidth=\skip105
)
("C:\Users\abelt\AppData\Local\Programs\MiKTeX 2.9\tex/latex/titlesec\titlesec.
sty"
Package: titlesec 2016/03/21 v2.10.2 Sectioning titles
\ttl@box=\box64
\beforetitleunit=\skip106
\aftertitleunit=\skip107
\ttl@plus=\dimen154
\ttl@minus=\dimen155
\ttl@toksa=\toks30
\titlewidth=\dimen156
\titlewidthlast=\dimen157
\titlewidthfirst=\dimen158
)
("C:\Users\abelt\AppData\Local\Programs\MiKTeX 2.9\tex/latex/blindtext\blindtex
t.sty"
Package: blindtext 2012/01/06 V2.0 blindtext-Package

("C:\Users\abelt\AppData\Local\Programs\MiKTeX 2.9\tex/latex/tools\xspace.sty"
Package: xspace 2014/10/28 v1.13 Space after command names (DPC,MH)
)
\c@blindtext=\count151
\c@Blindtext=\count152
\c@blind@countparstart=\count153
\blind@countxx=\count154
\blindtext@numBlindtext=\count155
\blind@countyy=\count156
\c@blindlist=\count157
\c@blindlistlevel=\count158
\c@blindlist@level=\count159
\blind@listitem=\count160
\c@blind@listcount=\count161
\c@blind@levelcount=\count162
\blind@mathformula=\count163
\blind@Mathformula=\count164
\c@blind@randomcount=\count165
\c@blind@randommax=\count166
\c@blind@pangramcount=\count167
\c@blind@pangrammax=\count168
)
("C:\Users\abelt\AppData\Local\Programs\MiKTeX 2.9\tex/latex/tools\verbatim.sty
"
Package: verbatim 2014/10/28 v1.5q LaTeX2e package for verbatim enhancements
\every@verbatim=\toks31
\verbatim@line=\toks32
\verbatim@in@stream=\read1
) (Template2TFM.aux
LaTeX Info: Redefining \. on input line 23.
LaTeX Info: Redefining \% on input line 23.


LaTeX Warning: Label `fig:MAE' multiply defined.


LaTeX Warning: Label `fig:UnidadesDistintasPrediccion' multiply defined.

)
\openout1 = `Template2TFM.aux'.

LaTeX Font Info:    Checking defaults for OML/cmm/m/it on input line 82.
LaTeX Font Info:    ... okay on input line 82.
LaTeX Font Info:    Checking defaults for T1/cmr/m/n on input line 82.
LaTeX Font Info:    ... okay on input line 82.
LaTeX Font Info:    Checking defaults for OT1/cmr/m/n on input line 82.
LaTeX Font Info:    ... okay on input line 82.
LaTeX Font Info:    Checking defaults for OMS/cmsy/m/n on input line 82.
LaTeX Font Info:    ... okay on input line 82.
LaTeX Font Info:    Checking defaults for OMX/cmex/m/n on input line 82.
LaTeX Font Info:    ... okay on input line 82.
LaTeX Font Info:    Checking defaults for U/cmr/m/n on input line 82.
LaTeX Font Info:    ... okay on input line 82.
LaTeX Font Info:    Checking defaults for PD1/pdf/m/n on input line 82.
LaTeX Font Info:    ... okay on input line 82.
LaTeX Font Info:    Try loading font information for T1+ptm on input line 82.
 ("C:\Users\abelt\AppData\Local\Programs\MiKTeX 2.9\tex/latex/psnfss\t1ptm.fd"
File: t1ptm.fd 2001/06/04 font definitions for T1/ptm.
)
("C:\Users\abelt\AppData\Local\Programs\MiKTeX 2.9\tex/context/base\supp-pdf.mk
ii"
[Loading MPS to PDF converter (version 2006.09.02).]
\scratchcounter=\count169
\scratchdimen=\dimen159
\scratchbox=\box65
\nofMPsegments=\count170
\nofMParguments=\count171
\everyMPshowfont=\toks33
\MPscratchCnt=\count172
\MPscratchDim=\dimen160
\MPnumerator=\count173
\makeMPintoPDFobject=\count174
\everyMPtoPDFconversion=\toks34
)
("C:\Users\abelt\AppData\Local\Programs\MiKTeX 2.9\tex/latex/oberdiek\epstopdf-
base.sty"
Package: epstopdf-base 2016/05/15 v2.6 Base part for package epstopdf

("C:\Users\abelt\AppData\Local\Programs\MiKTeX 2.9\tex/latex/oberdiek\grfext.st
y"
Package: grfext 2016/05/16 v1.2 Manage graphics extensions (HO)
)
Package epstopdf-base Info: Redefining graphics rule for `.eps' on input line 4
38.
Package grfext Info: Graphics extension search list:
(grfext)             [.pdf,.png,.jpg,.mps,.jpeg,.jbig2,.jb2,.PDF,.PNG,.JPG,.JPE
G,.JBIG2,.JB2,.eps]
(grfext)             \AppendGraphicsExtensions on input line 456.
)
\c@lstlisting=\count175
Package caption Info: Begin \AtBeginDocument code.
Package caption Info: hyperref package is loaded.
Package caption Info: End \AtBeginDocument code.
\AtBeginShipoutBox=\box66
Package hyperref Info: Link coloring ON on input line 82.

("C:\Users\abelt\AppData\Local\Programs\MiKTeX 2.9\tex/latex/hyperref\nameref.s
ty"
Package: nameref 2016/05/21 v2.44 Cross-referencing by name of section

("C:\Users\abelt\AppData\Local\Programs\MiKTeX 2.9\tex/generic/oberdiek\gettitl
estring.sty"
Package: gettitlestring 2016/05/16 v1.5 Cleanup title references (HO)
)
\c@section@level=\count176
)
LaTeX Info: Redefining \ref on input line 82.
LaTeX Info: Redefining \pageref on input line 82.
LaTeX Info: Redefining \nameref on input line 82.
 (Template2TFM.out) (Template2TFM.out)
\@outlinefile=\write3
\openout3 = `Template2TFM.out'.


*geometry* driver: auto-detecting
*geometry* detected driver: pdftex
*geometry* verbose mode - [ preamble ] result:
* driver: pdftex
* paper: a4paper
* layout: <same size as paper>
* layoutoffset:(h,v)=(0.0pt,0.0pt)
* modes: twoside 
* h-part:(L,W,R)=(85.35826pt, 426.79135pt, 85.35826pt)
* v-part:(T,H,B)=(14.22636pt, 731.23584pt, 99.58464pt)
* \paperwidth=597.50787pt
* \paperheight=845.04684pt
* \textwidth=426.79135pt
* \textheight=731.23584pt
* \oddsidemargin=13.08827pt
* \evensidemargin=13.08827pt
* \topmargin=-95.04362pt
* \headheight=12.0pt
* \headsep=25.0pt
* \topskip=12.0pt
* \footskip=30.0pt
* \marginparwidth=85.0pt
* \marginparsep=10.0pt
* \columnsep=10.0pt
* \skip\footins=10.8pt plus 4.0pt minus 2.0pt
* \hoffset=0.0pt
* \voffset=0.0pt
* \mag=1000
* \@twocolumnfalse
* \@twosidetrue
* \@mparswitchtrue
* \@reversemarginfalse
* (1in=72.27pt=25.4mm, 1cm=28.453pt)

LaTeX Info: Redefining \. on input line 82.
LaTeX Info: Redefining \% on input line 82.
\c@maskedRefs=\count177

("C:\Users\abelt\AppData\Local\Programs\MiKTeX 2.9\tex/latex/apacite\spanish.ap
c"
File: spanish.apc 2013/07/21 v6.03 apacite language file
LaTeX Info: Redefining \BPBI on input line 138.
LaTeX Info: Redefining \BHBI on input line 139.
)
<recursos/escudo_urjc.jpg, id=211, 143.226pt x 156.366pt>
File: recursos/escudo_urjc.jpg Graphic file (type jpg)
<use recursos/escudo_urjc.jpg>
Package pdftex.def Info: recursos/escudo_urjc.jpg  used on input line 133.
(pdftex.def)             Requested size: 170.71652pt x 186.3856pt.
LaTeX Font Info:    Font shape `T1/ptm/bx/n' in size <24.88> not available
(Font)              Font shape `T1/ptm/b/n' tried instead on input line 139.
 [1

{C:/Users/abelt/AppData/Local/MiKTeX/2.9/pdftex/config/pdftex.map} <./recursos/
escudo_urjc.jpg>]

Package geometry Warning: Over-specification in `h'-direction.
    `width' (426.79134pt) is ignored.


Package geometry Warning: Over-specification in `v'-direction.
    `height' (640.187pt) is ignored.

*geometry* verbose mode - [ newgeometry ] result:
* driver: pdftex
* paper: a4paper
* layout: <same size as paper>
* layoutoffset:(h,v)=(0.0pt,0.0pt)
* modes: twoside 
* h-part:(L,W,R)=(85.35826pt, 426.79135pt, 85.35826pt)
* v-part:(T,H,B)=(99.58464pt, 645.87756pt, 99.58464pt)
* \paperwidth=597.50787pt
* \paperheight=845.04684pt
* \textwidth=426.79135pt
* \textheight=645.87756pt
* \oddsidemargin=13.08827pt
* \evensidemargin=13.08827pt
* \topmargin=-9.68535pt
* \headheight=12.0pt
* \headsep=25.0pt
* \topskip=12.0pt
* \footskip=30.0pt
* \marginparwidth=85.0pt
* \marginparsep=10.0pt
* \columnsep=10.0pt
* \skip\footins=10.8pt plus 4.0pt minus 2.0pt
* \hoffset=0.0pt
* \voffset=0.0pt
* \mag=1000
* \@twocolumnfalse
* \@twosidetrue
* \@mparswitchtrue
* \@reversemarginfalse
* (1in=72.27pt=25.4mm, 1cm=28.453pt)

pdfTeX warning (ext4): destination with the same identifier (name{page.}) has b
een already used, duplicate ignored
<to be read again> 
                   \relax 
l.159 \blankpage
                 [1

]
LaTeX Font Info:    Font shape `T1/ptm/bx/n' in size <14.4> not available
(Font)              Font shape `T1/ptm/b/n' tried instead on input line 185.
pdfTeX warning (ext4): destination with the same identifier (name{page.}) has b
een already used, duplicate ignored
<to be read again> 
                   \relax 
l.217 \end{titlepage}
                      [1]pdfTeX warning (ext4): destination with the same ident
ifier (name{page.}) has been already used, duplicate ignored
<to be read again> 
                   \relax 
l.218 \blankpage
                 [1]pdfTeX warning (ext4): destination with the same identifier
 (name{page.}) has been already used, duplicate ignored
<to be read again> 
                   \relax 
l.242 \end{titlepage}
                      [1]pdfTeX warning (ext4): destination with the same ident
ifier (name{page.}) has been already used, duplicate ignored
<to be read again> 
                   \relax 
l.243 \blankpage
                 [1]pdfTeX warning (ext4): destination with the same identifier
 (name{page.}) has been already used, duplicate ignored
<to be read again> 
                   \relax 
l.256 \end{titlepage}
                      [1]pdfTeX warning (ext4): destination with the same ident
ifier (name{page.}) has been already used, duplicate ignored
<to be read again> 
                   \relax 
l.257 \blankpage
                 [1] (Template2TFM.toc
LaTeX Info: Redefining \. on input line 1.
LaTeX Info: Redefining \% on input line 1.
LaTeX Font Info:    Font shape `T1/ptm/bx/n' in size <12> not available
(Font)              Font shape `T1/ptm/b/n' tried instead on input line 2.
LaTeX Font Info:    Font shape `T1/ptm/bx/sc' in size <12> not available
(Font)              Font shape `T1/ptm/b/sc' tried instead on input line 2.
 [1])
\tf@toc=\write4
\openout4 = `Template2TFM.toc'.

LaTeX Info: Redefining \. on input line 265.
LaTeX Info: Redefining \% on input line 265.


Package Fancyhdr Warning: \headheight is too small (12.0pt): 
Make it at least 15.13202pt.
We now make it that large for the rest of the document.
This may cause the page layout to be inconsistent, however.

[2] (Template2TFM.lot
LaTeX Info: Redefining \. on input line 1.
LaTeX Info: Redefining \% on input line 1.
)
\tf@lot=\write5
\openout5 = `Template2TFM.lot'.

 (Template2TFM.lof
LaTeX Info: Redefining \. on input line 1.
LaTeX Info: Redefining \% on input line 1.
 [3

]
Overfull \hbox (13.79622pt too wide) in paragraph at lines 22--22
 [][] [][][]\T1/ptm/m/n/12 Fórmula de MAE. Re-cu-pe-ra-do de https://medium.com
/human-in-a-machine- 
 []


Overfull \hbox (19.80809pt too wide) in paragraph at lines 23--23
 [][] [][][]\T1/ptm/m/n/12 Fórmula de RM-SE. Re-cu-pe-ra-do de https://medium.c
om/human-in-a-machine- 
 []

)
\tf@lof=\write6
\openout6 = `Template2TFM.lof'.

\glsf@default=\write7
\openout7 = `Template2TFM.gls.aux'.

Package gloss Info: Writing gloss file Template2TFM.gls.aux on input line 268.
LaTeX Info: Redefining \. on input line 269.
LaTeX Info: Redefining \% on input line 269.
 [4] (Introduccion.tex
Cap\IeC {\'\i }tulo 1.
LaTeX Font Info:    Font shape `T1/ptm/bx/n' in size <17.28> not available
(Font)              Font shape `T1/ptm/b/n' tried instead on input line 2.
<recursos/processor_performance.jpg, id=465, 1145.78062pt x 686.565pt>
File: recursos/processor_performance.jpg Graphic file (type jpg)
<use recursos/processor_performance.jpg>
Package pdftex.def Info: recursos/processor_performance.jpg  used on input line
 10.
(pdftex.def)             Requested size: 256.07741pt x 153.4438pt.
<recursos/bandwidth-growth-nielsen-law.png, id=466, 1694.33pt x 1195.46625pt>
File: recursos/bandwidth-growth-nielsen-law.png Graphic file (type png)
<use recursos/bandwidth-growth-nielsen-law.png>
Package pdftex.def Info: recursos/bandwidth-growth-nielsen-law.png  used on inp
ut line 17.
(pdftex.def)             Requested size: 213.39568pt x 150.56387pt.
[1

 <./recursos/processor_performance.jpg> <./recursos/bandwidth-growth-nielsen-la
w.png>]
LaTeX Info: Redefining \. on input line 40.
LaTeX Info: Redefining \% on input line 40.
 [2]
<recursos/artPublicados.png, id=503, 204.765pt x 148.75575pt>
File: recursos/artPublicados.png Graphic file (type png)
<use recursos/artPublicados.png>
Package pdftex.def Info: recursos/artPublicados.png  used on input line 45.
(pdftex.def)             Requested size: 256.07741pt x 186.04408pt.
LaTeX Info: Redefining \. on input line 84.
LaTeX Info: Redefining \% on input line 84.
 [3 <./recursos/artPublicados.png>]
LaTeX Info: Redefining \. on input line 104.
LaTeX Info: Redefining \% on input line 104.
 [4]) (JustTeorica.tex
LaTeX Info: Redefining \. on input line 1.
LaTeX Info: Redefining \% on input line 1.
 [5]
LaTeX Info: Redefining \. on input line 1.
LaTeX Info: Redefining \% on input line 1.

[6

]
Cap\IeC {\'\i }tulo 2.
[7]
LaTeX Info: Redefining \. on input line 52.
LaTeX Info: Redefining \% on input line 52.
 [8]
LaTeX Info: Redefining \. on input line 83.
LaTeX Info: Redefining \% on input line 83.
 [9]
LaTeX Info: Redefining \. on input line 99.
LaTeX Info: Redefining \% on input line 99.
 [10]
LaTeX Info: Redefining \. on input line 114.
LaTeX Info: Redefining \% on input line 114.
 [11]
<recursos/ComparacionModelosDM.png, id=601, 334.24875pt x 272.81924pt>
File: recursos/ComparacionModelosDM.png Graphic file (type png)
<use recursos/ComparacionModelosDM.png>
Package pdftex.def Info: recursos/ComparacionModelosDM.png  used on input line 
120.
(pdftex.def)             Requested size: 341.43437pt x 278.70488pt.
LaTeX Info: Redefining \. on input line 132.
LaTeX Info: Redefining \% on input line 132.
 [12 <./recursos/ComparacionModelosDM.png>]
<recursos/PrecisionMetodos.png, id=635, 412.54124pt x 214.401pt>
File: recursos/PrecisionMetodos.png Graphic file (type png)
<use recursos/PrecisionMetodos.png>
Package pdftex.def Info: recursos/PrecisionMetodos.png  used on input line 140.

(pdftex.def)             Requested size: 341.43437pt x 177.44896pt.
LaTeX Info: Redefining \. on input line 147.
LaTeX Info: Redefining \% on input line 147.
 [13 <./recursos/PrecisionMetodos.png>]
<recursos/ComparacionModelos.png, id=653, 454.69875pt x 222.23026pt>
File: recursos/ComparacionModelos.png Graphic file (type png)
<use recursos/ComparacionModelos.png>
Package pdftex.def Info: recursos/ComparacionModelos.png  used on input line 15
5.
(pdftex.def)             Requested size: 341.43437pt x 166.87573pt.

Underfull \vbox (badness 10000) has occurred while \output is active []

LaTeX Info: Redefining \. on input line 166.
LaTeX Info: Redefining \% on input line 166.
 [14 <./recursos/ComparacionModelos.png>]
<recursos/top10tools.jpg, id=684, 451.6875pt x 319.94531pt>
File: recursos/top10tools.jpg Graphic file (type jpg)
<use recursos/top10tools.jpg>
Package pdftex.def Info: recursos/top10tools.jpg  used on input line 182.
(pdftex.def)             Requested size: 426.79135pt x 302.33038pt.
LaTeX Info: Redefining \. on input line 185.
LaTeX Info: Redefining \% on input line 185.
 [15]
<recursos/gartner.png, id=693, 386.6445pt x 423.38174pt>
File: recursos/gartner.png Graphic file (type png)
<use recursos/gartner.png>
Package pdftex.def Info: recursos/gartner.png  used on input line 194.
(pdftex.def)             Requested size: 256.07741pt x 280.42123pt.
LaTeX Info: Redefining \. on input line 197.
LaTeX Info: Redefining \% on input line 197.
 [16 <./recursos/top10tools.jpg>]
LaTeX Info: Redefining \. on input line 213.
LaTeX Info: Redefining \% on input line 213.
 [17 <./recursos/gartner.png>]) (PropuestaIntervencion.tex
LaTeX Info: Redefining \. on input line 1.
LaTeX Info: Redefining \% on input line 1.
 [18]
Cap\IeC {\'\i }tulo 3.
[19

]
LaTeX Info: Redefining \. on input line 40.
LaTeX Info: Redefining \% on input line 40.
 [20]
LaTeX Info: Redefining \. on input line 54.
LaTeX Info: Redefining \% on input line 54.
 [21]) (Disenio.tex
LaTeX Info: Redefining \. on input line 1.
LaTeX Info: Redefining \% on input line 1.
 [22]
Cap\IeC {\'\i }tulo 4.
<recursos/arquitecturaDWH2.png, id=743, 784.73175pt x 434.22224pt>
File: recursos/arquitecturaDWH2.png Graphic file (type png)
<use recursos/arquitecturaDWH2.png>
Package pdftex.def Info: recursos/arquitecturaDWH2.png  used on input line 25.
(pdftex.def)             Requested size: 341.43437pt x 188.9249pt.
[23

 <./recursos/arquitecturaDWH2.png>]
<recursos/Esquema_en_estrella.png, id=754, 534.99875pt x 439.6425pt>
File: recursos/Esquema_en_estrella.png Graphic file (type png)
<use recursos/Esquema_en_estrella.png>
Package pdftex.def Info: recursos/Esquema_en_estrella.png  used on input line 3
7.
(pdftex.def)             Requested size: 341.43437pt x 280.59206pt.
<recursos/modelo-dimensional-cubo.png, id=761, 357.58594pt x 234.1247pt>
File: recursos/modelo-dimensional-cubo.png Graphic file (type png)
<use recursos/modelo-dimensional-cubo.png>
Package pdftex.def Info: recursos/modelo-dimensional-cubo.png  used on input li
ne 47.
(pdftex.def)             Requested size: 341.43437pt x 223.56036pt.


LaTeX Warning: `h' float specifier changed to `ht'.

LaTeX Info: Redefining \. on input line 50.
LaTeX Info: Redefining \% on input line 50.
[24 <./recursos/Esquema_en_estrella.png (PNG copy)>]
LaTeX Info: Redefining \. on input line 59.
LaTeX Info: Redefining \% on input line 59.
 [25 <./recursos/modelo-dimensional-cubo.png>]
<recursos/CRISPCicloIBM.png, id=779, 378.81525pt x 348.70274pt>
File: recursos/CRISPCicloIBM.png Graphic file (type png)
<use recursos/CRISPCicloIBM.png>
Package pdftex.def Info: recursos/CRISPCicloIBM.png  used on input line 76.
(pdftex.def)             Requested size: 256.07741pt x 235.72067pt.


LaTeX Warning: `h' float specifier changed to `ht'.

LaTeX Info: Redefining \. on input line 79.
LaTeX Info: Redefining \% on input line 79.
[26]
LaTeX Info: Redefining \. on input line 95.
LaTeX Info: Redefining \% on input line 95.
 [27 <./recursos/CRISPCicloIBM.png>]
LaTeX Info: Redefining \. on input line 122.
LaTeX Info: Redefining \% on input line 122.
 [28]
LaTeX Info: Redefining \. on input line 148.
LaTeX Info: Redefining \% on input line 148.
 [29]
LaTeX Info: Redefining \. on input line 171.
LaTeX Info: Redefining \% on input line 171.
 [30]
LaTeX Info: Redefining \. on input line 203.
LaTeX Info: Redefining \% on input line 203.
 [31]
<recursos/arbol_decision_img1.jpg, id=847, 650.43pt x 243.91125pt>
File: recursos/arbol_decision_img1.jpg Graphic file (type jpg)
<use recursos/arbol_decision_img1.jpg>
Package pdftex.def Info: recursos/arbol_decision_img1.jpg  used on input line 2
08.
(pdftex.def)             Requested size: 341.43437pt x 128.04042pt.
<recursos/RedNeuronalArtificial.png, id=854, 144.54pt x 80.58105pt>
File: recursos/RedNeuronalArtificial.png Graphic file (type png)
<use recursos/RedNeuronalArtificial.png>
Package pdftex.def Info: recursos/RedNeuronalArtificial.png  used on input line
 245.
(pdftex.def)             Requested size: 256.07741pt x 142.77106pt.
LaTeX Info: Redefining \. on input line 248.
LaTeX Info: Redefining \% on input line 248.
 [32 <./recursos/arbol_decision_img1.jpg>]
LaTeX Info: Redefining \. on input line 273.
LaTeX Info: Redefining \% on input line 273.
 [33 <./recursos/RedNeuronalArtificial.png>]
<recursos/SVM.png, id=876, 428.19975pt x 248.72925pt>
File: recursos/SVM.png Graphic file (type png)
<use recursos/SVM.png>
Package pdftex.def Info: recursos/SVM.png  used on input line 277.
(pdftex.def)             Requested size: 256.07741pt x 148.7491pt.
<recursos/k_NN.png, id=881, 588.69937pt x 408.02437pt>
File: recursos/k_NN.png Graphic file (type png)
<use recursos/k_NN.png>
Package pdftex.def Info: recursos/k_NN.png  used on input line 291.
(pdftex.def)             Requested size: 256.07741pt x 177.48294pt.
LaTeX Info: Redefining \. on input line 302.
LaTeX Info: Redefining \% on input line 302.
 [34 <./recursos/SVM.png> <./recursos/k_NN.png>]
<recursos/mae.png, id=892, 264.38776pt x 95.1555pt>
File: recursos/mae.png Graphic file (type png)
<use recursos/mae.png>
Package pdftex.def Info: recursos/mae.png  used on input line 317.
(pdftex.def)             Requested size: 170.71393pt x 61.44377pt.

Underfull \hbox (badness 2103) in paragraph at lines 324--324
[]\T1/ptm/m/n/12 Figura 4.10: |Fór-mu-la de RM-SE. Re-cu-pe-ra-do de https://me
dium.com/human-in-a-
 []

<recursos/rmse.png, id=893, 276.43275pt x 94.55325pt>
File: recursos/rmse.png Graphic file (type png)
<use recursos/rmse.png>
Package pdftex.def Info: recursos/rmse.png  used on input line 325.
(pdftex.def)             Requested size: 170.71393pt x 58.39444pt.

LaTeX Warning: `h' float specifier changed to `ht'.

LaTeX Info: Redefining \. on input line 328.
LaTeX Info: Redefining \% on input line 328.
[35 <./recursos/mae.png>]
Underfull \vbox (badness 3128) has occurred while \output is active []

LaTeX Info: Redefining \. on input line 374.
LaTeX Info: Redefining \% on input line 374.
 [36 <./recursos/rmse.png>]
LaTeX Font Info:    Font shape `T1/ptm/bx/it' in size <12> not available
(Font)              Font shape `T1/ptm/b/it' tried instead on input line 380.
) (Analisis.tex
LaTeX Info: Redefining \. on input line 1.
LaTeX Info: Redefining \% on input line 1.
 [37]
LaTeX Info: Redefining \. on input line 1.
LaTeX Info: Redefining \% on input line 1.
 [38

]
Cap\IeC {\'\i }tulo 5.
[39]
LaTeX Info: Redefining \. on input line 32.
LaTeX Info: Redefining \% on input line 32.
 [40]) (Conclusiones.tex
LaTeX Info: Redefining \. on input line 1.
LaTeX Info: Redefining \% on input line 1.
 [41]
LaTeX Info: Redefining \. on input line 1.
LaTeX Info: Redefining \% on input line 1.
 [42

]
Cap\IeC {\'\i }tulo 6.
) [43] (Template2TFM.bbl
LaTeX Info: Redefining \. on input line 1.
LaTeX Info: Redefining \% on input line 1.
 [44]
Cap\IeC {\'\i }tulo 7.
LaTeX Font Info:    Try loading font information for T1+pcr on input line 31.
("C:\Users\abelt\AppData\Local\Programs\MiKTeX 2.9\tex/latex/psnfss\t1pcr.fd"
File: t1pcr.fd 2001/06/04 font definitions for T1/pcr.
)
Underfull \hbox (badness 1997) in paragraph at lines 217--236
[]\T1/ptm/m/n/12 Delen, D.  (2010).  A com-pa-ra-ti-ve analy-sis of ma-chi-ne l
ear-ning tech-ni-ques
 []


Underfull \hbox (badness 3240) in paragraph at lines 217--236
\T1/ptm/m/n/12 for stu-dent re-ten-tion ma-na-ge-ment.  \T1/ptm/m/it/12 De-ci-s
ion Sup-port Sys-tems\T1/ptm/m/n/12 , \T1/ptm/m/it/12 49\T1/ptm/m/n/12 (4), 498
 -
 []

[45

]
Underfull \hbox (badness 2538) in paragraph at lines 366--380
\T1/ptm/m/it/12 sis es-ta-dís-ti-co.  \T1/ptm/m/n/12 Des-car-ga-do 2019-04-16, 
de [][]$\T1/pcr/m/n/12 https :// www [] .genbeta [] .com /
 []


Underfull \hbox (badness 10000) in paragraph at lines 366--380
\T1/pcr/m/n/12 desarrollo / r [] -un [] -lenguaje [] -y [] -entorno [] -de [] -
programacion [] -para []
 []


Underfull \hbox (badness 5302) in paragraph at lines 499--512
[]\T1/ptm/m/n/12 kassambara.  (2018).  \T1/ptm/m/it/12 Step-wi-se re-gres-sion 
es-sen-tials in r.  \T1/ptm/m/n/12 Des-car-ga-do
 []

LaTeX Info: Redefining \. on input line 541.
LaTeX Info: Redefining \% on input line 541.
[46]
Underfull \hbox (badness 4024) in paragraph at lines 782--804
[]\T1/ptm/m/n/12 Mohamad, S. K., y Ta-sir, Z.  (2013).  Edu-ca-tio-nal da-ta mi
-ning: A re-
 []


Underfull \hbox (badness 2980) in paragraph at lines 782--804
\T1/ptm/m/n/12 view.  \T1/ptm/m/it/12 Pro-ce-dia - So-cial and Beha-vio-ral Sci
en-ces\T1/ptm/m/n/12 , \T1/ptm/m/it/12 97\T1/ptm/m/n/12 , 320 - 324.  Des-
 []


Underfull \hbox (badness 4792) in paragraph at lines 782--804
\T1/ptm/m/n/12 car-ga-do de [][]$\T1/pcr/m/n/12 http :// www [] .sciencedirect 
[] .com / science / article / pii /
 []

LaTeX Info: Redefining \. on input line 842.
LaTeX Info: Redefining \% on input line 842.
[47]
Underfull \hbox (badness 3302) in paragraph at lines 870--882
[]\T1/ptm/m/n/12 Orellana, L.  (2001).  \T1/ptm/m/it/12 Es-ta-dís-ti-ca des-cri
p-ti-va.  \T1/ptm/m/n/12 Des-car-ga-do de [][]$\T1/pcr/m/n/12 http ://
 []


Underfull \hbox (badness 10000) in paragraph at lines 870--882
\T1/pcr/m/n/12 www [] .dm [] .uba [] .ar / materias / estadistica [] []Q / 2011
 / 1 / modulo %
 []


Underfull \hbox (badness 10000) in paragraph at lines 993--1007
\T1/pcr/m/n/12 -learning [] -conceptos [] -básicos [] -del [] -aprendizaje [] -
supervisado []
 []

LaTeX Info: Redefining \. on input line 1067.
LaTeX Info: Redefining \% on input line 1067.
[48])
LaTeX Info: Redefining \. on input line 376.
LaTeX Info: Redefining \% on input line 376.
 [49]
LaTeX Info: Redefining \. on input line 386.
LaTeX Info: Redefining \% on input line 386.
 [50


] [51] [52] (anexos.tex
ANEXOS A.

Overfull \hbox (9.7304pt too wide) in paragraph at lines 98--99
\T1/ptm/m/n/12 TU-RA-LE-ZA, CD-POS-TAL, IT-CO-ME-DOR, IT-TRANS-POR-TE, IT-BI-LI
N-GUE, CD_NIVEL
 []

[53

]
<recursos/ImagenesR/estadisticos.png, id=1060, 511.31026pt x 134.904pt>
File: recursos/ImagenesR/estadisticos.png Graphic file (type png)
<use recursos/ImagenesR/estadisticos.png>
Package pdftex.def Info: recursos/ImagenesR/estadisticos.png  used on input lin
e 107.
(pdftex.def)             Requested size: 426.79135pt x 112.61047pt.
<recursos/ImagenesR/boxplotNorm.png, id=1061, 385.44pt x 255.354pt>
File: recursos/ImagenesR/boxplotNorm.png Graphic file (type png)
<use recursos/ImagenesR/boxplotNorm.png>
Package pdftex.def Info: recursos/ImagenesR/boxplotNorm.png  used on input line
 115.
(pdftex.def)             Requested size: 341.43437pt x 226.20064pt.
LaTeX Info: Redefining \. on input line 118.
LaTeX Info: Redefining \% on input line 118.
 [54 <./recursos/ImagenesR/estadisticos.png>]
<recursos/ImagenesR/normalidadSUM.png, id=1068, 302.93175pt x 119.84775pt>
File: recursos/ImagenesR/normalidadSUM.png Graphic file (type png)
<use recursos/ImagenesR/normalidadSUM.png>
Package pdftex.def Info: recursos/ImagenesR/normalidadSUM.png  used on input li
ne 133.
(pdftex.def)             Requested size: 341.43437pt x 135.08987pt.
LaTeX Info: Redefining \. on input line 136.
LaTeX Info: Redefining \% on input line 136.
 [55 <./recursos/ImagenesR/boxplotNorm.png>]
<recursos/ImagenesR/normalidadGRAF.png, id=1075, 416.757pt x 280.04625pt>
File: recursos/ImagenesR/normalidadGRAF.png Graphic file (type png)
<use recursos/ImagenesR/normalidadGRAF.png>
Package pdftex.def Info: recursos/ImagenesR/normalidadGRAF.png  used on input l
ine 142.
(pdftex.def)             Requested size: 341.43437pt x 229.43428pt.
<recursos/ImagenesR/norm1.png, id=1077, 419.76825pt x 279.444pt>
File: recursos/ImagenesR/norm1.png Graphic file (type png)
<use recursos/ImagenesR/norm1.png>
Package pdftex.def Info: recursos/ImagenesR/norm1.png  used on input line 153.
(pdftex.def)             Requested size: 341.43437pt x 227.30353pt.
LaTeX Info: Redefining \. on input line 156.
LaTeX Info: Redefining \% on input line 156.
 [56 <./recursos/ImagenesR/normalidadSUM.png> <./recursos/ImagenesR/normalidadG
RAF.png>]
<recursos/ImagenesR/norm2.png, id=1084, 423.38174pt x 272.81924pt>
File: recursos/ImagenesR/norm2.png Graphic file (type png)
<use recursos/ImagenesR/norm2.png>
Package pdftex.def Info: recursos/ImagenesR/norm2.png  used on input line 161.
(pdftex.def)             Requested size: 341.43437pt x 220.01659pt.
LaTeX Info: Redefining \. on input line 164.
LaTeX Info: Redefining \% on input line 164.
 [57 <./recursos/ImagenesR/norm1.png> <./recursos/ImagenesR/norm2.png>]
<recursos/ImagenesR/norm3.png, id=1093, 416.757pt x 278.84175pt>
File: recursos/ImagenesR/norm3.png Graphic file (type png)
<use recursos/ImagenesR/norm3.png>
Package pdftex.def Info: recursos/ImagenesR/norm3.png  used on input line 171.
(pdftex.def)             Requested size: 341.43437pt x 228.44746pt.
<recursos/ImagenesR/barplot1.png, id=1094, 371.58826pt x 254.1495pt>
File: recursos/ImagenesR/barplot1.png Graphic file (type png)
<use recursos/ImagenesR/barplot1.png>
Package pdftex.def Info: recursos/ImagenesR/barplot1.png  used on input line 17
9.
(pdftex.def)             Requested size: 341.43437pt x 233.54115pt.
LaTeX Info: Redefining \. on input line 182.
LaTeX Info: Redefining \% on input line 182.
 [58

 <./recursos/ImagenesR/norm3.png>]
<recursos/ImagenesR/barplot2.png, id=1100, 374.5995pt x 119.84775pt>
File: recursos/ImagenesR/barplot2.png Graphic file (type png)
<use recursos/ImagenesR/barplot2.png>
Package pdftex.def Info: recursos/ImagenesR/barplot2.png  used on input line 18
7.
(pdftex.def)             Requested size: 341.43437pt x 109.23717pt.
<recursos/ImagenesR/matrizcorrelacion.png, id=1103, 317.988pt x 260.77425pt>
File: recursos/ImagenesR/matrizcorrelacion.png Graphic file (type png)
<use recursos/ImagenesR/matrizcorrelacion.png>
Package pdftex.def Info: recursos/ImagenesR/matrizcorrelacion.png  used on inpu
t line 200.
(pdftex.def)             Requested size: 341.43437pt x 280.01648pt.
LaTeX Info: Redefining \. on input line 203.
LaTeX Info: Redefining \% on input line 203.
 [59 <./recursos/ImagenesR/barplot1.png> <./recursos/ImagenesR/barplot2.png>]
<recursos/ImagenesR/mayorescorrelaciones.png, id=1110, 216.81pt x 148.1535pt>
File: recursos/ImagenesR/mayorescorrelaciones.png Graphic file (type png)
<use recursos/ImagenesR/mayorescorrelaciones.png>
Package pdftex.def Info: recursos/ImagenesR/mayorescorrelaciones.png  used on i
nput line 209.
(pdftex.def)             Requested size: 256.07741pt x 175.00725pt.
LaTeX Info: Redefining \. on input line 212.
LaTeX Info: Redefining \% on input line 212.
 [60 <./recursos/ImagenesR/matrizcorrelacion.png> <./recursos/ImagenesR/mayores
correlaciones.png>]
<recursos/ImagenesR/mayorcorrelacion.png, id=1117, 219.219pt x 148.1535pt>
File: recursos/ImagenesR/mayorcorrelacion.png Graphic file (type png)
<use recursos/ImagenesR/mayorcorrelacion.png>
Package pdftex.def Info: recursos/ImagenesR/mayorcorrelacion.png  used on input
 line 217.
(pdftex.def)             Requested size: 256.07741pt x 173.0857pt.
<recursos/ImagenesR/RelacionAlumnGrupos.png, id=1123, 429.40425pt x 268.00125pt
>
File: recursos/ImagenesR/RelacionAlumnGrupos.png Graphic file (type png)
<use recursos/ImagenesR/RelacionAlumnGrupos.png>
Package pdftex.def Info: recursos/ImagenesR/RelacionAlumnGrupos.png  used on in
put line 229.
(pdftex.def)             Requested size: 256.07741pt x 159.8328pt.
LaTeX Info: Redefining \. on input line 232.
LaTeX Info: Redefining \% on input line 232.
 [61

 <./recursos/ImagenesR/mayorcorrelacion.png>]
<recursos/ImagenesR/RelacionGruposYUnidades.png, id=1130, 422.17725pt x 260.774
25pt>
File: recursos/ImagenesR/RelacionGruposYUnidades.png Graphic file (type png)
<use recursos/ImagenesR/RelacionGruposYUnidades.png>
Package pdftex.def Info: recursos/ImagenesR/RelacionGruposYUnidades.png  used o
n input line 238.
(pdftex.def)             Requested size: 256.07741pt x 158.18074pt.
<recursos/ImagenesR/VarImpRF.png, id=1133, 414.348pt x 243.91125pt>
File: recursos/ImagenesR/VarImpRF.png Graphic file (type png)
<use recursos/ImagenesR/VarImpRF.png>
Package pdftex.def Info: recursos/ImagenesR/VarImpRF.png  used on input line 25
1.
(pdftex.def)             Requested size: 256.07741pt x 150.74329pt.
LaTeX Info: Redefining \. on input line 254.
LaTeX Info: Redefining \% on input line 254.
 [62 <./recursos/ImagenesR/RelacionAlumnGrupos.png> <./recursos/ImagenesR/Relac
ionGruposYUnidades.png>]
<recursos/ImagenesR/backwardSum.png, id=1142, 511.31026pt x 123.46124pt>
File: recursos/ImagenesR/backwardSum.png Graphic file (type png)
<use recursos/ImagenesR/backwardSum.png>
Package pdftex.def Info: recursos/ImagenesR/backwardSum.png  used on input line
 269.
(pdftex.def)             Requested size: 426.79135pt x 103.05867pt.
LaTeX Info: Redefining \. on input line 272.
LaTeX Info: Redefining \% on input line 272.
 [63 <./recursos/ImagenesR/VarImpRF.png>]
<recursos/ImagenesR/backward.png, id=1148, 230.66174pt x 145.7445pt>
File: recursos/ImagenesR/backward.png Graphic file (type png)
<use recursos/ImagenesR/backward.png>
Package pdftex.def Info: recursos/ImagenesR/backward.png  used on input line 27
9.
(pdftex.def)             Requested size: 256.07741pt x 161.805pt.
<recursos/ImagenesR/seqSum.png, id=1151, 510.10574pt x 103.587pt>
File: recursos/ImagenesR/seqSum.png Graphic file (type png)
<use recursos/ImagenesR/seqSum.png>
Package pdftex.def Info: recursos/ImagenesR/seqSum.png  used on input line 291.

(pdftex.def)             Requested size: 426.79135pt x 86.6695pt.
LaTeX Info: Redefining \. on input line 297.
LaTeX Info: Redefining \% on input line 297.
 [64 <./recursos/ImagenesR/backwardSum.png> <./recursos/ImagenesR/backward.png>
 <./recursos/ImagenesR/seqSum.png>]
<recursos/ImagenesR/seq.png, id=1160, 229.45724pt x 142.131pt>
File: recursos/ImagenesR/seq.png Graphic file (type png)
<use recursos/ImagenesR/seq.png>
Package pdftex.def Info: recursos/ImagenesR/seq.png  used on input line 302.
(pdftex.def)             Requested size: 256.07741pt x 158.63257pt.
<recursos/ImagenesR/fordwardSum.png, id=1162, 510.10574pt x 103.587pt>
File: recursos/ImagenesR/fordwardSum.png Graphic file (type png)
<use recursos/ImagenesR/fordwardSum.png>
Package pdftex.def Info: recursos/ImagenesR/fordwardSum.png  used on input line
 315.
(pdftex.def)             Requested size: 426.79135pt x 86.6695pt.
<recursos/ImagenesR/fordward.png, id=1164, 229.45724pt x 142.73325pt>
File: recursos/ImagenesR/fordward.png Graphic file (type png)
<use recursos/ImagenesR/fordward.png>
Package pdftex.def Info: recursos/ImagenesR/fordward.png  used on input line 32
5.
(pdftex.def)             Requested size: 256.07741pt x 159.30475pt.
LaTeX Info: Redefining \. on input line 327.
LaTeX Info: Redefining \% on input line 327.
 [65 <./recursos/ImagenesR/seq.png> <./recursos/ImagenesR/fordwardSum.png>]
LaTeX Info: Redefining \. on input line 336.
LaTeX Info: Redefining \% on input line 336.
 [66 <./recursos/ImagenesR/fordward.png>]
ANEXOS B.

Overfull \hbox (12.09328pt too wide) in paragraph at lines 364--393
 [][] 
 []

[67

]
<recursos/ImagenesR/ComparacionModelos2.png, id=1183, 328.22626pt x 205.9695pt>

File: recursos/ImagenesR/ComparacionModelos2.png Graphic file (type png)
<use recursos/ImagenesR/ComparacionModelos2.png>
Package pdftex.def Info: recursos/ImagenesR/ComparacionModelos2.png  used on in
put line 402.
(pdftex.def)             Requested size: 341.43437pt x 214.25978pt.
<recursos/ImagenesR/ComparacionModelosTiempo.png, id=1184, 324.0105pt x 210.185
26pt>
File: recursos/ImagenesR/ComparacionModelosTiempo.png Graphic file (type png)
<use recursos/ImagenesR/ComparacionModelosTiempo.png>
Package pdftex.def Info: recursos/ImagenesR/ComparacionModelosTiempo.png  used 
on input line 410.
(pdftex.def)             Requested size: 341.43437pt x 221.4932pt.
LaTeX Info: Redefining \. on input line 412.
LaTeX Info: Redefining \% on input line 412.
 [68 <./recursos/ImagenesR/ComparacionModelos2.png>]
<recursos/ImagenesR/UnidadesDistintasPrediccion.png, id=1190, 331.83975pt x 268
.00125pt>
File: recursos/ImagenesR/UnidadesDistintasPrediccion.png Graphic file (type png
)
<use recursos/ImagenesR/UnidadesDistintasPrediccion.png>
Package pdftex.def Info: recursos/ImagenesR/UnidadesDistintasPrediccion.png  us
ed on input line 420.
(pdftex.def)             Requested size: 256.07741pt x 206.82777pt.

Underfull \vbox (badness 10000) has occurred while \output is active []

LaTeX Info: Redefining \. on input line 427.
LaTeX Info: Redefining \% on input line 427.
 [69 <./recursos/ImagenesR/ComparacionModelosTiempo.png> <./recursos/ImagenesR/
UnidadesDistintasPrediccion.png>]
<recursos/CentrosResumenI.png, id=1198, 663.07726pt x 469.15276pt>
File: recursos/CentrosResumenI.png Graphic file (type png)
<use recursos/CentrosResumenI.png>
Package pdftex.def Info: recursos/CentrosResumenI.png  used on input line 436.
(pdftex.def)             Requested size: 426.79135pt x 301.97481pt.
<recursos/CentrosResumenII.png, id=1200, 484.81125pt x 457.71pt>
File: recursos/CentrosResumenII.png Graphic file (type png)
<use recursos/CentrosResumenII.png>
Package pdftex.def Info: recursos/CentrosResumenII.png  used on input line 444.

(pdftex.def)             Requested size: 426.79135pt x 402.95367pt.
LaTeX Info: Redefining \. on input line 446.
LaTeX Info: Redefining \% on input line 446.
 [70 <./recursos/CentrosResumenI.png>]
<recursos/FaltasAsistenciaI.png, id=1206, 643.80525pt x 468.5505pt>
File: recursos/FaltasAsistenciaI.png Graphic file (type png)
<use recursos/FaltasAsistenciaI.png>
Package pdftex.def Info: recursos/FaltasAsistenciaI.png  used on input line 456
.
(pdftex.def)             Requested size: 426.79135pt x 310.61699pt.
LaTeX Info: Redefining \. on input line 458.
LaTeX Info: Redefining \% on input line 458.
 [71 <./recursos/CentrosResumenII.png>]
<recursos/FaltasAsistenciaII.png, id=1213, 643.203pt x 469.755pt>
File: recursos/FaltasAsistenciaII.png Graphic file (type png)
<use recursos/FaltasAsistenciaII.png>
Package pdftex.def Info: recursos/FaltasAsistenciaII.png  used on input line 46
6.
(pdftex.def)             Requested size: 426.79135pt x 311.70221pt.
LaTeX Info: Redefining \. on input line 468.
LaTeX Info: Redefining \% on input line 468.
 [72 <./recursos/FaltasAsistenciaI.png>]
<recursos/STPivotUnidades.png, id=1220, 724.50674pt x 376.40625pt>
File: recursos/STPivotUnidades.png Graphic file (type png)
<use recursos/STPivotUnidades.png>
Package pdftex.def Info: recursos/STPivotUnidades.png  used on input line 476.
(pdftex.def)             Requested size: 426.79135pt x 221.73314pt.
LaTeX Info: Redefining \. on input line 478.
LaTeX Info: Redefining \% on input line 478.
 [73 <./recursos/FaltasAsistenciaII.png>])
Package atveryend Info: Empty hook `BeforeClearDocument' on input line 392.
LaTeX Info: Redefining \. on input line 392.
LaTeX Info: Redefining \% on input line 392.
 [74 <./recursos/STPivotUnidades.png>]
Package atveryend Info: Empty hook `AfterLastShipout' on input line 392.
 (Template2TFM.aux
LaTeX Info: Redefining \. on input line 23.
LaTeX Info: Redefining \% on input line 23.
)
Package atveryend Info: Executing hook `AtVeryEndDocument' on input line 392.
Package atveryend Info: Executing hook `AtEndAfterFileList' on input line 392.
Package rerunfilecheck Info: File `Template2TFM.out' has not changed.
(rerunfilecheck)             Checksum: 5D5FC6B2E02F1211E96080974F288D0C;4121.


LaTeX Warning: There were multiply-defined labels.

Package atveryend Info: Empty hook `AtVeryVeryEnd' on input line 392.
 ) 
Here is how much of TeX's memory you used:
 12789 strings out of 492946
 195699 string characters out of 3126266
 332030 words of memory out of 3000000
 16134 multiletter control sequences out of 15000+200000
 67995 words of font info for 68 fonts, out of 3000000 for 9000
 1141 hyphenation exceptions out of 8191
 36i,14n,43p,1292b,651s stack positions out of 5000i,500n,10000p,200000b,50000s
{C:/Users/abelt/AppData/Local/Programs/MiKTeX 2.9/fonts/enc/dvips/base/8r.enc
}<C:/Users/abelt/AppData/Local/Programs/MiKTeX 2.9/fonts/type1/urw/courier/ucrr
8a.pfb><C:/Users/abelt/AppData/Local/Programs/MiKTeX 2.9/fonts/type1/urw/times/
utmb8a.pfb><C:/Users/abelt/AppData/Local/Programs/MiKTeX 2.9/fonts/type1/urw/ti
mes/utmbi8a.pfb><C:/Users/abelt/AppData/Local/Programs/MiKTeX 2.9/fonts/type1/u
rw/times/utmr8a.pfb><C:/Users/abelt/AppData/Local/Programs/MiKTeX 2.9/fonts/typ
e1/urw/times/utmri8a.pfb>
Output written on Template2TFM.pdf (86 pages, 2974934 bytes).
PDF statistics:
 1310 PDF objects out of 1440 (max. 8388607)
 263 named destinations out of 1000 (max. 500000)
 657 words of extra memory for PDF output out of 10000 (max. 10000000)

