This is pdfTeX, Version 3.14159265-2.6-1.40.19 (MiKTeX 2.9.6930 64-bit) (preloaded format=pdflatex 2019.1.17)  9 APR 2019 11:40
entering extended mode
**./templateTFM.tex
(templateTFM.tex
LaTeX2e <2018-12-01>
("C:\Users\abelt\AppData\Local\Programs\MiKTeX 2.9\tex/latex/paper\paper.cls"
Document Class: paper 2008/05/30 1.0l LaTeX document class (wm).
\hours=\count80
\minutes=\count81
("C:\Users\abelt\AppData\Local\Programs\MiKTeX 2.9\tex/latex/base\size12.clo"
File: size12.clo 2018/09/03 v1.4i Standard LaTeX file (size option)
)
\beforetitlespace=\skip41
\c@part=\count82
\c@section=\count83
\c@subsection=\count84
\c@subsubsection=\count85
\c@paragraph=\count86
\c@subparagraph=\count87
\exampleindent=\skip42
\c@figure=\count88
\c@table=\count89
\abovecaptionskip=\skip43
\belowcaptionskip=\skip44
\bibindent=\dimen102
)
("C:\Users\abelt\AppData\Local\Programs\MiKTeX 2.9\tex/latex/tools\afterpage.st
y"
Package: afterpage 2014/10/28 v1.08 After-Page Package (DPC)
\AP@output=\toks14
\AP@partial=\box27
\AP@footins=\box28
)
("C:\Users\abelt\AppData\Local\Programs\MiKTeX 2.9\tex/latex/geometry\geometry.
sty"
Package: geometry 2018/04/16 v5.8 Page Geometry

("C:\Users\abelt\AppData\Local\Programs\MiKTeX 2.9\tex/latex/graphics\keyval.st
y"
Package: keyval 2014/10/28 v1.15 key=value parser (DPC)
\KV@toks@=\toks15
)
("C:\Users\abelt\AppData\Local\Programs\MiKTeX 2.9\tex/generic/oberdiek\ifpdf.s
ty"
Package: ifpdf 2018/09/07 v3.3 Provides the ifpdf switch
)
("C:\Users\abelt\AppData\Local\Programs\MiKTeX 2.9\tex/generic/oberdiek\ifvtex.
sty"
Package: ifvtex 2016/05/16 v1.6 Detect VTeX and its facilities (HO)
Package ifvtex Info: VTeX not detected.
)
("C:\Users\abelt\AppData\Local\Programs\MiKTeX 2.9\tex/generic/ifxetex\ifxetex.
sty"
Package: ifxetex 2010/09/12 v0.6 Provides ifxetex conditional
)
\Gm@cnth=\count90
\Gm@cntv=\count91
\c@Gm@tempcnt=\count92
\Gm@bindingoffset=\dimen103
\Gm@wd@mp=\dimen104
\Gm@odd@mp=\dimen105
\Gm@even@mp=\dimen106
\Gm@layoutwidth=\dimen107
\Gm@layoutheight=\dimen108
\Gm@layouthoffset=\dimen109
\Gm@layoutvoffset=\dimen110
\Gm@dimlist=\toks16

("C:\Users\abelt\AppData\Local\Programs\MiKTeX 2.9\tex/latex/geometry\geometry.
cfg")

Package geometry Warning: Over-specification in `h'-direction.
    `width' (426.79134pt) is ignored.


Package geometry Warning: Over-specification in `v'-direction.
    `height' (640.187pt) is ignored.

) ("C:\Users\abelt\AppData\Local\Programs\MiKTeX 2.9\tex/generic/babel\babel.st
y"
Package: babel 2018/11/13 3.27 The Babel package

("C:\Users\abelt\AppData\Local\Programs\MiKTeX 2.9\tex/generic/babel\switch.def
"
File: switch.def 2018/11/13 3.27 Babel switching mechanism
)
*************************************
* Local config file bblopts.cfg used
*
("C:\Users\abelt\AppData\Local\Programs\MiKTeX 2.9\tex/latex/arabi\bblopts.cfg"
File: bblopts.cfg 2005/09/08 v0.1 add Arabic and Farsi to "declared" options of
 babel
)
("C:\Users\abelt\AppData\Local\Programs\MiKTeX 2.9\tex/latex/babel-spanish\span
ish.ldf"
Language: spanish.ldf 2016/03/03 v5.0p Spanish support from the babel system

("C:\Users\abelt\AppData\Local\Programs\MiKTeX 2.9\tex/generic/babel\babel.def"
File: babel.def 2018/11/13 3.27 Babel common definitions
\babel@savecnt=\count93
\U@D=\dimen111

("C:\Users\abelt\AppData\Local\Programs\MiKTeX 2.9\tex/generic/babel\txtbabel.d
ef")
\bbl@dirlevel=\count94
)
\es@quottoks=\toks17
\es@quotdepth=\count95
Package babel Info: Making " an active character on input line 561.
Package babel Info: Making . an active character on input line 662.
Package babel Info: Making < an active character on input line 707.
Package babel Info: Making > an active character on input line 707.
))
("C:\Users\abelt\AppData\Local\Programs\MiKTeX 2.9\tex/latex/base\inputenc.sty"
Package: inputenc 2018/08/11 v1.3c Input encoding file
\inpenc@prehook=\toks18
\inpenc@posthook=\toks19
)
("C:\Users\abelt\AppData\Local\Programs\MiKTeX 2.9\tex/latex/graphics\graphicx.
sty"
Package: graphicx 2017/06/01 v1.1a Enhanced LaTeX Graphics (DPC,SPQR)

("C:\Users\abelt\AppData\Local\Programs\MiKTeX 2.9\tex/latex/graphics\graphics.
sty"
Package: graphics 2017/06/25 v1.2c Standard LaTeX Graphics (DPC,SPQR)

("C:\Users\abelt\AppData\Local\Programs\MiKTeX 2.9\tex/latex/graphics\trig.sty"
Package: trig 2016/01/03 v1.10 sin cos tan (DPC)
)
("C:\Users\abelt\AppData\Local\Programs\MiKTeX 2.9\tex/latex/graphics-cfg\graph
ics.cfg"
File: graphics.cfg 2016/06/04 v1.11 sample graphics configuration
)
Package graphics Info: Driver file: pdftex.def on input line 99.

("C:\Users\abelt\AppData\Local\Programs\MiKTeX 2.9\tex/latex/graphics-def\pdfte
x.def"
File: pdftex.def 2018/01/08 v1.0l Graphics/color driver for pdftex
))
\Gin@req@height=\dimen112
\Gin@req@width=\dimen113
)
("C:\Users\abelt\AppData\Local\Programs\MiKTeX 2.9\tex/latex/amsmath\amsmath.st
y"
Package: amsmath 2018/12/01 v2.17b AMS math features
\@mathmargin=\skip45

For additional information on amsmath, use the `?' option.

("C:\Users\abelt\AppData\Local\Programs\MiKTeX 2.9\tex/latex/amsmath\amstext.st
y"
Package: amstext 2000/06/29 v2.01 AMS text

("C:\Users\abelt\AppData\Local\Programs\MiKTeX 2.9\tex/latex/amsmath\amsgen.sty
"
File: amsgen.sty 1999/11/30 v2.0 generic functions
\@emptytoks=\toks20
\ex@=\dimen114
))
("C:\Users\abelt\AppData\Local\Programs\MiKTeX 2.9\tex/latex/amsmath\amsbsy.sty
"
Package: amsbsy 1999/11/29 v1.2d Bold Symbols
\pmbraise@=\dimen115
)
("C:\Users\abelt\AppData\Local\Programs\MiKTeX 2.9\tex/latex/amsmath\amsopn.sty
"
Package: amsopn 2016/03/08 v2.02 operator names
)
\inf@bad=\count96
LaTeX Info: Redefining \frac on input line 223.
\uproot@=\count97
\leftroot@=\count98
LaTeX Info: Redefining \overline on input line 385.
\classnum@=\count99
\DOTSCASE@=\count100
LaTeX Info: Redefining \ldots on input line 482.
LaTeX Info: Redefining \dots on input line 485.
LaTeX Info: Redefining \cdots on input line 606.
\Mathstrutbox@=\box29
\strutbox@=\box30
\big@size=\dimen116
LaTeX Font Info:    Redeclaring font encoding OML on input line 729.
LaTeX Font Info:    Redeclaring font encoding OMS on input line 730.
\macc@depth=\count101
\c@MaxMatrixCols=\count102
\dotsspace@=\muskip10
\c@parentequation=\count103
\dspbrk@lvl=\count104
\tag@help=\toks21
\row@=\count105
\column@=\count106
\maxfields@=\count107
\andhelp@=\toks22
\eqnshift@=\dimen117
\alignsep@=\dimen118
\tagshift@=\dimen119
\tagwidth@=\dimen120
\totwidth@=\dimen121
\lineht@=\dimen122
\@envbody=\toks23
\multlinegap=\skip46
\multlinetaggap=\skip47
\mathdisplay@stack=\toks24
LaTeX Info: Redefining \[ on input line 2844.
LaTeX Info: Redefining \] on input line 2845.
)
("C:\Users\abelt\AppData\Local\Programs\MiKTeX 2.9\tex/latex/amsfonts\amssymb.s
ty"
Package: amssymb 2013/01/14 v3.01 AMS font symbols

("C:\Users\abelt\AppData\Local\Programs\MiKTeX 2.9\tex/latex/amsfonts\amsfonts.
sty"
Package: amsfonts 2013/01/14 v3.01 Basic AMSFonts support
\symAMSa=\mathgroup4
\symAMSb=\mathgroup5
LaTeX Font Info:    Overwriting math alphabet `\mathfrak' in version `bold'
(Font)                  U/euf/m/n --> U/euf/b/n on input line 106.
))
("C:\Users\abelt\AppData\Local\Programs\MiKTeX 2.9\tex/latex/float\float.sty"
Package: float 2001/11/08 v1.3d Float enhancements (AL)
\c@float@type=\count108
\float@exts=\toks25
\float@box=\box31
\@float@everytoks=\toks26
\@floatcapt=\box32
)
("C:\Users\abelt\AppData\Local\Programs\MiKTeX 2.9\tex/latex/placeins\placeins.
sty"
Package: placeins 2005/04/18  v 2.2
)
("C:\Users\abelt\AppData\Local\Programs\MiKTeX 2.9\tex/latex/changepage\changep
age.sty"
Package: changepage 2009/10/20 v1.0c check page and change page layout
\c@cp@cntr=\count109
\cp@tempcnt=\count110
)
("C:\Users\abelt\AppData\Local\Programs\MiKTeX 2.9\tex/latex/caption\subcaption
.sty"
Package: subcaption 2018/05/01 v1.1-162 Sub-captions (AR)

("C:\Users\abelt\AppData\Local\Programs\MiKTeX 2.9\tex/latex/caption\caption.st
y"
Package: caption 2018/10/06 v3.3-154 Customizing captions (AR)

("C:\Users\abelt\AppData\Local\Programs\MiKTeX 2.9\tex/latex/caption\caption3.s
ty"
Package: caption3 2018/09/12 v1.8c caption3 kernel (AR)
Package caption3 Info: TeX engine: e-TeX on input line 64.
\captionmargin=\dimen123
\captionmargin@=\dimen124
\captionwidth=\dimen125
\caption@tempdima=\dimen126
\caption@indent=\dimen127
\caption@parindent=\dimen128
\caption@hangindent=\dimen129
)
\c@caption@flags=\count111
\c@ContinuedFloat=\count112
Package caption Info: float package is loaded.
)
\c@subfigure=\count113
\c@subtable=\count114
)
("C:\Users\abelt\AppData\Local\Programs\MiKTeX 2.9\tex/latex/ms\ragged2e.sty"
Package: ragged2e 2009/05/21 v2.1 ragged2e Package (MS)

("C:\Users\abelt\AppData\Local\Programs\MiKTeX 2.9\tex/latex/ms\everysel.sty"
Package: everysel 2011/10/28 v1.2 EverySelectfont Package (MS)
)
\CenteringLeftskip=\skip48
\RaggedLeftLeftskip=\skip49
\RaggedRightLeftskip=\skip50
\CenteringRightskip=\skip51
\RaggedLeftRightskip=\skip52
\RaggedRightRightskip=\skip53
\CenteringParfillskip=\skip54
\RaggedLeftParfillskip=\skip55
\RaggedRightParfillskip=\skip56
\JustifyingParfillskip=\skip57
\CenteringParindent=\skip58
\RaggedLeftParindent=\skip59
\RaggedRightParindent=\skip60
\JustifyingParindent=\skip61
)
("C:\Users\abelt\AppData\Local\Programs\MiKTeX 2.9\tex/latex/algorithms\algorit
hm.sty"
Package: algorithm 2009/08/24 v0.1 Document Style `algorithm' - floating enviro
nment

("C:\Users\abelt\AppData\Local\Programs\MiKTeX 2.9\tex/latex/base\ifthen.sty"
Package: ifthen 2014/09/29 v1.1c Standard LaTeX ifthen package (DPC)
)
\@float@every@algorithm=\toks27
\c@algorithm=\count115
)
("C:\Users\abelt\AppData\Local\Programs\MiKTeX 2.9\tex/latex/multirow\multirow.
sty"
Package: multirow 2019/01/01 v2.4 Span multiple rows of a table
\multirow@colwidth=\skip62
\multirow@cntb=\count116
\multirow@dima=\skip63
\bigstrutjot=\dimen130
)
("C:\Users\abelt\AppData\Local\Programs\MiKTeX 2.9\tex/latex/enumitem\enumitem.
sty"
Package: enumitem 2019/01/14 v3.7 Customized lists
\labelindent=\skip64
\enit@outerparindent=\dimen131
\enit@toks=\toks28
\enit@inbox=\box33
\enit@count@id=\count117
\enitdp@description=\count118
)
("C:\Users\abelt\AppData\Local\Programs\MiKTeX 2.9\tex/latex/setspace\setspace.
sty"
Package: setspace 2011/12/19 v6.7a set line spacing
)
("C:\Users\abelt\AppData\Local\Programs\MiKTeX 2.9\tex/latex/tools\multicol.sty
"
Package: multicol 2018/12/27 v1.8v multicolumn formatting (FMi)
\c@tracingmulticols=\count119
\mult@box=\box34
\multicol@leftmargin=\dimen132
\c@unbalance=\count120
\c@collectmore=\count121
\doublecol@number=\count122
\multicoltolerance=\count123
\multicolpretolerance=\count124
\full@width=\dimen133
\page@free=\dimen134
\premulticols=\dimen135
\postmulticols=\dimen136
\multicolsep=\skip65
\multicolbaselineskip=\skip66
\partial@page=\box35
\last@line=\box36
\maxbalancingoverflow=\dimen137
\mult@rightbox=\box37
\mult@grightbox=\box38
\mult@gfirstbox=\box39
\mult@firstbox=\box40
\@tempa=\box41
\@tempa=\box42
\@tempa=\box43
\@tempa=\box44
\@tempa=\box45
\@tempa=\box46
\@tempa=\box47
\@tempa=\box48
\@tempa=\box49
\@tempa=\box50
\@tempa=\box51
\@tempa=\box52
\@tempa=\box53
\@tempa=\box54
\@tempa=\box55
\@tempa=\box56
\@tempa=\box57
\c@columnbadness=\count125
\c@finalcolumnbadness=\count126
\last@try=\dimen138
\multicolovershoot=\dimen139
\multicolundershoot=\dimen140
\mult@nat@firstbox=\box58
\colbreak@box=\box59
\mc@col@check@num=\count127
)
("C:\Users\abelt\AppData\Local\Programs\MiKTeX 2.9\tex/latex/wrapfig\wrapfig.st
y"
\wrapoverhang=\dimen141
\WF@size=\dimen142
\c@WF@wrappedlines=\count128
\WF@box=\box60
\WF@everypar=\toks29
Package: wrapfig 2003/01/31  v 3.6
)
("C:\Users\abelt\AppData\Local\Programs\MiKTeX 2.9\tex/latex/apacite\apacite.st
y"
Package: apacite 2013/07/21 v6.03 APA citation
\c@BibCnt=\count129
\bibleftmargin=\skip67
\bibindent=\skip68
\bibparsep=\skip69
\bibitemsep=\skip70
\biblabelsep=\skip71
)
("C:\Users\abelt\AppData\Local\Programs\MiKTeX 2.9\tex/latex/tocbibind\tocbibin
d.sty"
Package: tocbibind 2010/10/13 v1.5k extra ToC listings
Package tocbibind Info: The document has section divisions on input line 50.


Package tocbibind Note: Using section or other style headings.

) (templateTFM.aux
LaTeX Info: Redefining \. on input line 6.
LaTeX Info: Redefining \% on input line 6.
)
\openout1 = `templateTFM.aux'.

LaTeX Font Info:    Checking defaults for OML/cmm/m/it on input line 44.
LaTeX Font Info:    ... okay on input line 44.
LaTeX Font Info:    Checking defaults for T1/cmr/m/n on input line 44.
LaTeX Font Info:    ... okay on input line 44.
LaTeX Font Info:    Checking defaults for OT1/cmr/m/n on input line 44.
LaTeX Font Info:    ... okay on input line 44.
LaTeX Font Info:    Checking defaults for OMS/cmsy/m/n on input line 44.
LaTeX Font Info:    ... okay on input line 44.
LaTeX Font Info:    Checking defaults for OMX/cmex/m/n on input line 44.
LaTeX Font Info:    ... okay on input line 44.
LaTeX Font Info:    Checking defaults for U/cmr/m/n on input line 44.
LaTeX Font Info:    ... okay on input line 44.

*geometry* driver: auto-detecting
*geometry* detected driver: pdftex
*geometry* verbose mode - [ preamble ] result:
* driver: pdftex
* paper: a4paper
* layout: <same size as paper>
* layoutoffset:(h,v)=(0.0pt,0.0pt)
* modes: twoside 
* h-part:(L,W,R)=(85.35826pt, 426.79135pt, 85.35826pt)
* v-part:(T,H,B)=(14.22636pt, 731.23584pt, 99.58464pt)
* \paperwidth=597.50787pt
* \paperheight=845.04684pt
* \textwidth=426.79135pt
* \textheight=731.23584pt
* \oddsidemargin=13.08827pt
* \evensidemargin=13.08827pt
* \topmargin=-95.04362pt
* \headheight=12.0pt
* \headsep=25.0pt
* \topskip=12.0pt
* \footskip=30.0pt
* \marginparwidth=85.0pt
* \marginparsep=10.0pt
* \columnsep=10.0pt
* \skip\footins=10.8pt plus 4.0pt minus 2.0pt
* \hoffset=0.0pt
* \voffset=0.0pt
* \mag=1000
* \@twocolumnfalse
* \@twosidetrue
* \@mparswitchtrue
* \@reversemarginfalse
* (1in=72.27pt=25.4mm, 1cm=28.453pt)

LaTeX Info: Redefining \. on input line 44.
LaTeX Info: Redefining \% on input line 44.

("C:\Users\abelt\AppData\Local\Programs\MiKTeX 2.9\tex/context/base\supp-pdf.mk
ii"
[Loading MPS to PDF converter (version 2006.09.02).]
\scratchcounter=\count130
\scratchdimen=\dimen143
\scratchbox=\box61
\nofMPsegments=\count131
\nofMParguments=\count132
\everyMPshowfont=\toks30
\MPscratchCnt=\count133
\MPscratchDim=\dimen144
\MPnumerator=\count134
\makeMPintoPDFobject=\count135
\everyMPtoPDFconversion=\toks31
)
("C:\Users\abelt\AppData\Local\Programs\MiKTeX 2.9\tex/latex/oberdiek\epstopdf-
base.sty"
Package: epstopdf-base 2016/05/15 v2.6 Base part for package epstopdf

("C:\Users\abelt\AppData\Local\Programs\MiKTeX 2.9\tex/generic/oberdiek\infware
rr.sty"
Package: infwarerr 2016/05/16 v1.4 Providing info/warning/error messages (HO)
)
("C:\Users\abelt\AppData\Local\Programs\MiKTeX 2.9\tex/latex/oberdiek\grfext.st
y"
Package: grfext 2016/05/16 v1.2 Manage graphics extensions (HO)

("C:\Users\abelt\AppData\Local\Programs\MiKTeX 2.9\tex/generic/oberdiek\kvdefin
ekeys.sty"
Package: kvdefinekeys 2016/05/16 v1.4 Define keys (HO)

("C:\Users\abelt\AppData\Local\Programs\MiKTeX 2.9\tex/generic/oberdiek\ltxcmds
.sty"
Package: ltxcmds 2016/05/16 v1.23 LaTeX kernel commands for general use (HO)
)))
("C:\Users\abelt\AppData\Local\Programs\MiKTeX 2.9\tex/latex/oberdiek\kvoptions
.sty"
Package: kvoptions 2016/05/16 v3.12 Key value format for package options (HO)

("C:\Users\abelt\AppData\Local\Programs\MiKTeX 2.9\tex/generic/oberdiek\kvsetke
ys.sty"
Package: kvsetkeys 2016/05/16 v1.17 Key value parser (HO)

("C:\Users\abelt\AppData\Local\Programs\MiKTeX 2.9\tex/generic/oberdiek\etexcmd
s.sty"
Package: etexcmds 2016/05/16 v1.6 Avoid name clashes with e-TeX commands (HO)

("C:\Users\abelt\AppData\Local\Programs\MiKTeX 2.9\tex/generic/oberdiek\ifluate
x.sty"
Package: ifluatex 2016/05/16 v1.4 Provides the ifluatex switch (HO)
Package ifluatex Info: LuaTeX not detected.
))))
("C:\Users\abelt\AppData\Local\Programs\MiKTeX 2.9\tex/generic/oberdiek\pdftexc
mds.sty"
Package: pdftexcmds 2018/09/10 v0.29 Utility functions of pdfTeX for LuaTeX (HO
)
Package pdftexcmds Info: LuaTeX not detected.
Package pdftexcmds Info: \pdf@primitive is available.
Package pdftexcmds Info: \pdf@ifprimitive is available.
Package pdftexcmds Info: \pdfdraftmode found.
)
Package epstopdf-base Info: Redefining graphics rule for `.eps' on input line 4
38.
Package grfext Info: Graphics extension search list:
(grfext)             [.pdf,.png,.jpg,.mps,.jpeg,.jbig2,.jb2,.PDF,.PNG,.JPG,.JPE
G,.JBIG2,.JB2,.eps]
(grfext)             \AppendGraphicsExtensions on input line 456.
)
Package caption Info: Begin \AtBeginDocument code.
Package caption Info: wrapfig package is loaded.
Package caption Info: End \AtBeginDocument code.
 ABD: EverySelectfont initializing macros
LaTeX Info: Redefining \selectfont on input line 44.
\c@maskedRefs=\count136

("C:\Users\abelt\AppData\Local\Programs\MiKTeX 2.9\tex/latex/apacite\spanish.ap
c"
File: spanish.apc 2013/07/21 v6.03 apacite language file
LaTeX Info: Redefining \BPBI on input line 138.
LaTeX Info: Redefining \BHBI on input line 139.
)
<recursos/escudo_urjc.jpg, id=1, 143.226pt x 156.366pt>
File: recursos/escudo_urjc.jpg Graphic file (type jpg)
<use recursos/escudo_urjc.jpg>
Package pdftex.def Info: recursos/escudo_urjc.jpg  used on input line 65.
(pdftex.def)             Requested size: 170.71652pt x 186.3856pt.
 [1

{C:/Users/abelt/AppData/Local/MiKTeX/2.9/pdftex/config/pdftex.map} <./recursos/
escudo_urjc.jpg>]

Package geometry Warning: Over-specification in `h'-direction.
    `width' (426.79134pt) is ignored.


Package geometry Warning: Over-specification in `v'-direction.
    `height' (640.187pt) is ignored.

*geometry* verbose mode - [ newgeometry ] result:
* driver: pdftex
* paper: a4paper
* layout: <same size as paper>
* layoutoffset:(h,v)=(0.0pt,0.0pt)
* modes: twoside 
* h-part:(L,W,R)=(85.35826pt, 426.79135pt, 85.35826pt)
* v-part:(T,H,B)=(99.58464pt, 645.87756pt, 99.58464pt)
* \paperwidth=597.50787pt
* \paperheight=845.04684pt
* \textwidth=426.79135pt
* \textheight=645.87756pt
* \oddsidemargin=13.08827pt
* \evensidemargin=13.08827pt
* \topmargin=-9.68535pt
* \headheight=12.0pt
* \headsep=25.0pt
* \topskip=12.0pt
* \footskip=30.0pt
* \marginparwidth=85.0pt
* \marginparsep=10.0pt
* \columnsep=10.0pt
* \skip\footins=10.8pt plus 4.0pt minus 2.0pt
* \hoffset=0.0pt
* \voffset=0.0pt
* \mag=1000
* \@twocolumnfalse
* \@twosidetrue
* \@mparswitchtrue
* \@reversemarginfalse
* (1in=72.27pt=25.4mm, 1cm=28.453pt)

[0


] [1] [2

] [3] [4

] [5] [6

] (templateTFM.toc
LaTeX Info: Redefining \. on input line 1.
LaTeX Info: Redefining \% on input line 1.
LaTeX Font Info:    Try loading font information for U+msa on input line 2.

("C:\Users\abelt\AppData\Local\Programs\MiKTeX 2.9\tex/latex/amsfonts\umsa.fd"
File: umsa.fd 2013/01/14 v3.01 AMS symbols A
)
LaTeX Font Info:    Try loading font information for U+msb on input line 2.
("C:\Users\abelt\AppData\Local\Programs\MiKTeX 2.9\tex/latex/amsfonts\umsb.fd"
File: umsb.fd 2013/01/14 v3.01 AMS symbols B
))
\tf@toc=\write3
\openout3 = `templateTFM.toc'.

LaTeX Info: Redefining \. on input line 117.
LaTeX Info: Redefining \% on input line 117.

Overfull \vbox (2.37082pt too high) has occurred while \output is active []


[7]
LaTeX Info: Redefining \. on input line 117.
LaTeX Info: Redefining \% on input line 117.

Overfull \vbox (2.37082pt too high) has occurred while \output is active []


[8

] (templateTFM.lof
LaTeX Info: Redefining \. on input line 1.
LaTeX Info: Redefining \% on input line 1.
)
\tf@lof=\write4
\openout4 = `templateTFM.lof'.

LaTeX Info: Redefining \. on input line 118.
LaTeX Info: Redefining \% on input line 118.

Overfull \vbox (2.37082pt too high) has occurred while \output is active []


[9]
LaTeX Info: Redefining \. on input line 118.
LaTeX Info: Redefining \% on input line 118.

Overfull \vbox (2.37082pt too high) has occurred while \output is active []


[10

] (templateTFM.lot
LaTeX Info: Redefining \. on input line 1.
LaTeX Info: Redefining \% on input line 1.
)
\tf@lot=\write5
\openout5 = `templateTFM.lot'.

LaTeX Info: Redefining \. on input line 123.
LaTeX Info: Redefining \% on input line 123.

Overfull \vbox (2.37082pt too high) has occurred while \output is active []


[11] (Introduccion.tex
LaTeX Font Info:    Try loading font information for OMS+cmr on input line 22.

("C:\Users\abelt\AppData\Local\Programs\MiKTeX 2.9\tex/latex/base\omscmr.fd"
File: omscmr.fd 2014/09/29 v2.5h Standard LaTeX font definitions
)
LaTeX Font Info:    Font shape `OMS/cmr/m/n' in size <12> not available
(Font)              Font shape `OMS/cmsy/m/n' tried instead on input line 22.

[1

]) (JustTeorica.tex
LaTeX Info: Redefining \. on input line 1.
LaTeX Info: Redefining \% on input line 1.

Overfull \vbox (2.37082pt too high) has occurred while \output is active []


[2] [3

]
LaTeX Info: Redefining \. on input line 42.
LaTeX Info: Redefining \% on input line 42.

Overfull \vbox (2.37082pt too high) has occurred while \output is active []


[4]
<recursos/CRISPCiclo.png, id=64, 354.123pt x 298.716pt>
File: recursos/CRISPCiclo.png Graphic file (type png)
<use recursos/CRISPCiclo.png>
Package pdftex.def Info: recursos/CRISPCiclo.png  used on input line 51.
(pdftex.def)             Requested size: 256.07741pt x 216.02797pt.
 [5 <./recursos/CRISPCiclo.png>]
LaTeX Info: Redefining \. on input line 74.
LaTeX Info: Redefining \% on input line 74.

Overfull \vbox (2.37082pt too high) has occurred while \output is active []


[6]
<recursos/PrecisionMetodos.png, id=76, 412.54124pt x 214.401pt>
File: recursos/PrecisionMetodos.png Graphic file (type png)
<use recursos/PrecisionMetodos.png>
Package pdftex.def Info: recursos/PrecisionMetodos.png  used on input line 82.
(pdftex.def)             Requested size: 341.43437pt x 177.44896pt.

Underfull \vbox (badness 3536) has occurred while \output is active []

 [7 <./recursos/PrecisionMetodos.png>]
LaTeX Info: Redefining \. on input line 100.
LaTeX Info: Redefining \% on input line 100.

Overfull \vbox (2.37082pt too high) has occurred while \output is active []


[8]) (Referencias.tex (templateTFM.bbl [9]
LaTeX Info: Redefining \. on input line 1.
LaTeX Info: Redefining \% on input line 1.

Overfull \vbox (2.37082pt too high) has occurred while \output is active []


[10

]
Underfull \hbox (badness 1062) in paragraph at lines 16--41
\OT1/cmr/m/n/12 met-hod and ba-se clas-si-fiers to ame-lio-ra-te pre-dic-tion a
c-cu-racy of pe-da-go-gi-
 []


Underfull \hbox (badness 10000) in paragraph at lines 16--41
\OT1/cmtt/m/n/12 http://www.sciencedirect.com/science/article/pii/S187705091830
7506
 []


Underfull \hbox (badness 1902) in paragraph at lines 56--78
[]\OT1/cmr/m/n/12 Asif, R., Mer-ce-ron, A., Ali, S. A., y Hai-der, N. G.  (2017
).  Analy-
 []


Underfull \hbox (badness 10000) in paragraph at lines 56--78
\OT1/cmr/m/n/12 zing un-der-gra-dua-te stu-dents' per-for-man-ce using edu-ca-t
io-nal da-ta mi-
 []


Underfull \hbox (badness 6658) in paragraph at lines 56--78
\OT1/cmr/m/n/12 ning.  \OT1/cmr/m/it/12 Com-pu-ters & Edu-ca-tion\OT1/cmr/m/n/1
2 , \OT1/cmr/m/it/12 113\OT1/cmr/m/n/12 , 177 - 194.  Des-car-ga-do de
 []


Underfull \hbox (badness 10000) in paragraph at lines 56--78
\OT1/cmtt/m/n/12 http://www.sciencedirect.com/science/article/pii/S036013151730
1124
 []


Underfull \hbox (badness 10000) in paragraph at lines 90--109
\OT1/cmtt/m/n/12 http://www.sciencedirect.com/science/article/pii/S016792361000
1041
 []


Underfull \hbox (badness 1701) in paragraph at lines 123--144
[][]\OT1/cmr/m/n/12 en, B., Ucar, E., y De-len, D.  (2012).  Pre-dic-ting and 
analy-zing se-
 []


Underfull \hbox (badness 2253) in paragraph at lines 123--144
\OT1/cmr/m/n/12 con-dary edu-ca-tion placement-test sco-res: A da-ta mi-ning ap
-proach.  \OT1/cmr/m/it/12 Ex-
 []


Underfull \hbox (badness 4024) in paragraph at lines 123--144
\OT1/cmr/m/it/12 pert Sys-tems with Ap-pli-ca-tions\OT1/cmr/m/n/12 , \OT1/cmr/m
/it/12 39\OT1/cmr/m/n/12 (10), 9468 - 9476.  Des-car-ga-do de
 []


Underfull \hbox (badness 10000) in paragraph at lines 123--144
\OT1/cmtt/m/n/12 http://www.sciencedirect.com/science/article/pii/S095741741200
3752
 []


Underfull \hbox (badness 5388) in paragraph at lines 156--181
[]\OT1/cmr/m/n/12 Fernandes, E., Ho-lan-da, M., Vic-to-rino, M., Bor-ges, V., C
ar-val-ho, R.,
 []


Underfull \hbox (badness 2753) in paragraph at lines 156--181
\OT1/cmr/m/n/12 y Er-ven, G. V.  (2019).  Edu-ca-tio-nal da-ta mi-ning: Pre-dic
-ti-ve analy-
 []


Underfull \hbox (badness 2181) in paragraph at lines 156--181
\OT1/cmr/m/n/12 sis of aca-de-mic per-for-man-ce of pu-blic school stu-dents in
 the ca-pi-tal of
 []


Underfull \hbox (badness 2134) in paragraph at lines 156--181
\OT1/cmr/m/n/12 bra-zil.  \OT1/cmr/m/it/12 Jour-nal of Bu-si-ness Re-search\OT1
/cmr/m/n/12 , \OT1/cmr/m/it/12 94\OT1/cmr/m/n/12 , 335 - 343.  Des-car-ga-do de

 []


Underfull \hbox (badness 10000) in paragraph at lines 156--181
\OT1/cmtt/m/n/12 http://www.sciencedirect.com/science/article/pii/S014829631830
0870
 []


Underfull \hbox (badness 1072) in paragraph at lines 193--225
[]\OT1/cmr/m/n/12 Panahi, M., Ye-kran-gnia, M., Bag-he-ri, Z., Pourg-ha-se-mi, 
H. R., Re-zaie, F.,
 []


Underfull \hbox (badness 1122) in paragraph at lines 193--225
\OT1/cmr/m/n/12 Agh-dam, I. N., y Da-ma-van-di, A. A.  (2019).  7 - gis-based s
wa-ra and
 []


Underfull \hbox (badness 1057) in paragraph at lines 193--225
\OT1/cmr/m/n/12 its en-sem-ble by rbf and ica data-mining tech-ni-ques for de-t
er-mi-ning sui-ta-
 []


Underfull \hbox (badness 1248) in paragraph at lines 193--225
\OT1/cmr/m/n/12 bi-lity of exis-ting schools and si-te se-lec-tion of new schoo
l buil-dings.  En
 []


Underfull \hbox (badness 1057) in paragraph at lines 193--225
\OT1/cmr/m/n/12 H. R. Pourg-ha-se-mi y C. Gok-ceo-glu (Eds.[]), \OT1/cmr/m/it/1
2 Spa-tial mo-de-ling in gis and r
 []


Overfull \hbox (5.1588pt too wide) in paragraph at lines 193--225
\OT1/cmtt/m/n/12 http://www.sciencedirect.com/science/article/pii/B978012815226
3000077
 []

[11]
Underfull \hbox (badness 7047) in paragraph at lines 239--262
[]\OT1/cmr/m/n/12 Shahiri, A. M., Hu-sain, W., y Ras-hid, N. A.  (2015).  A re-

 []


Underfull \hbox (badness 10000) in paragraph at lines 239--262
\OT1/cmr/m/n/12 view on pre-dic-ting stu-dent's per-for-man-ce using da-ta mi-n
ing tech-ni-
 []


Underfull \hbox (badness 4859) in paragraph at lines 239--262
\OT1/cmr/m/n/12 ques.  \OT1/cmr/m/it/12 Pro-ce-dia Com-pu-ter Scien-ce\OT1/cmr/
m/n/12 , \OT1/cmr/m/it/12 72\OT1/cmr/m/n/12 , 414 - 422.  Des-car-ga-do de
 []


Underfull \hbox (badness 10000) in paragraph at lines 239--262
\OT1/cmtt/m/n/12 http://www.sciencedirect.com/science/article/pii/S187705091503
6182
 []


Underfull \hbox (badness 5203) in paragraph at lines 239--262
\OT1/cmr/m/n/12 (The Third In-for-ma-tion Sys-tems In-ter-na-tio-nal Con-fe-ren
-ce 2015)  doi:
 []

))
LaTeX Info: Redefining \. on input line 141.
LaTeX Info: Redefining \% on input line 141.

Overfull \vbox (2.37082pt too high) has occurred while \output is active []


[12] (templateTFM.aux
LaTeX Info: Redefining \. on input line 6.
LaTeX Info: Redefining \% on input line 6.
) ) 
Here is how much of TeX's memory you used:
 6559 strings out of 492946
 98488 string characters out of 3126266
 187383 words of memory out of 3000000
 10290 multiletter control sequences out of 15000+200000
 12729 words of font info for 47 fonts, out of 3000000 for 9000
 1141 hyphenation exceptions out of 8191
 42i,7n,40p,867b,467s stack positions out of 5000i,500n,10000p,200000b,50000s
<C:/Users/abelt/AppData/Local/Programs/MiKTeX 2.9/fonts/type1/public/amsfont
s/cm/cmbx12.pfb><C:/Users/abelt/AppData/Local/Programs/MiKTeX 2.9/fonts/type1/p
ublic/amsfonts/cm/cmcsc10.pfb><C:/Users/abelt/AppData/Local/Programs/MiKTeX 2.9
/fonts/type1/public/amsfonts/cm/cmr10.pfb><C:/Users/abelt/AppData/Local/Program
s/MiKTeX 2.9/fonts/type1/public/amsfonts/cm/cmr12.pfb><C:/Users/abelt/AppData/L
ocal/Programs/MiKTeX 2.9/fonts/type1/public/amsfonts/cm/cmr8.pfb><C:/Users/abel
t/AppData/Local/Programs/MiKTeX 2.9/fonts/type1/public/amsfonts/cm/cmss10.pfb><
C:/Users/abelt/AppData/Local/Programs/MiKTeX 2.9/fonts/type1/public/amsfonts/cm
/cmss12.pfb><C:/Users/abelt/AppData/Local/Programs/MiKTeX 2.9/fonts/type1/publi
c/amsfonts/cm/cmssbx10.pfb><C:/Users/abelt/AppData/Local/Programs/MiKTeX 2.9/fo
nts/type1/public/amsfonts/cm/cmsy10.pfb><C:/Users/abelt/AppData/Local/Programs/
MiKTeX 2.9/fonts/type1/public/amsfonts/cm/cmti12.pfb><C:/Users/abelt/AppData/Lo
cal/Programs/MiKTeX 2.9/fonts/type1/public/amsfonts/cm/cmtt12.pfb>
Output written on templateTFM.pdf (25 pages, 287491 bytes).
PDF statistics:
 133 PDF objects out of 1000 (max. 8388607)
 0 named destinations out of 1000 (max. 500000)
 16 words of extra memory for PDF output out of 10000 (max. 10000000)

